<?xml version="1.0" encoding="utf-8"?><testsuites name="pytest tests"><testsuite name="pytest" errors="0" failures="0" skipped="204" tests="719" time="12.143" timestamp="2026-08-06T00:24:14.773866+09:00" hostname="yoshiyuki"><testcase classname="" name="tests.unit.test_brief_issuer" time="0.000"><skipped message="collection skipped">('/home/tenni/projects/HELIX-MARKETING-HARNESS/tests/unit/test_brief_issuer.py', 5, 'Skipped: S0.1 test-first: issue_strategic_brief 実装と同時に赤→緑（正準化 JSON SHA-256 の決定性）')</skipped></testcase><testcase classname="" name="tests.unit.test_strategy_paths" time="0.000"><skipped message="collection skipped">('/home/tenni/projects/HELIX-MARKETING-HARNESS/tests/unit/test_strategy_paths.py', 5, 'Skipped: S0.1 test-first: kernel/コネクタ実装と同時に赤→緑（公開 API 面の静的・動的探索）')</skipped></testcase><testcase classname="tests.gates.test_architecture" name="test_ddl_applies_with_expected_tables_and_triggers" time="0.002" /><testcase classname="tests.gates.test_architecture" name="test_brief_transitions_are_enforced_by_ddl" time="0.016" /><testcase classname="tests.gates.test_architecture" name="test_mutation_dropping_status_trigger_reopens_backward_transitions" time="0.015" /><testcase classname="tests.gates.test_architecture" name="test_valid_until_extension_is_rejected" time="0.005" /><testcase classname="tests.gates.test_architecture" name="test_mutation_dropping_valid_until_trigger_allows_extension" time="0.006" /><testcase classname="tests.gates.test_architecture" name="test_tlp_uses_json_array_length_not_string_comparison" time="0.002" /><testcase classname="tests.gates.test_architecture" name="test_mutation_string_comparison_predicate_is_detected" time="0.002" /><testcase classname="tests.gates.test_architecture" name="test_strategy_canon_is_append_only" time="0.002" /><testcase classname="tests.gates.test_architecture" name="test_mutation_dropping_append_only_trigger_is_detected" time="0.002" /><testcase classname="tests.gates.test_architecture" name="test_unknown_table_mutation_is_detected" time="0.002" /><testcase classname="tests.gates.test_architecture" name="test_drop_trigger_helper_removes_exactly_one_trigger" time="0.001" /><testcase classname="tests.gates.test_architecture" name="test_allowed_brief_transition_passes[active-retired]" time="0.002" /><testcase classname="tests.gates.test_architecture" name="test_allowed_brief_transition_passes[active-superseded]" time="0.002" /><testcase classname="tests.gates.test_architecture" name="test_allowed_brief_transition_passes[draft-active]" time="0.003" /><testcase classname="tests.gates.test_architecture" name="test_denied_brief_transition_aborts[superseded-active]" time="0.002" /><testcase classname="tests.gates.test_architecture" name="test_denied_brief_transition_aborts[retired-active]" time="0.002" /><testcase classname="tests.gates.test_architecture" name="test_denied_brief_transition_aborts[superseded-retired]" time="0.002" /><testcase classname="tests.gates.test_architecture" name="test_denied_brief_transition_aborts[retired-superseded]" time="0.002" /><testcase classname="tests.gates.test_architecture" name="test_denied_brief_transition_aborts[active-draft]" time="0.002" /><testcase classname="tests.gates.test_architecture" name="test_denied_brief_transition_aborts[superseded-draft]" time="0.002" /><testcase classname="tests.gates.test_architecture" name="test_denied_brief_transition_aborts[retired-draft]" time="0.002" /><testcase classname="tests.gates.test_architecture" name="test_physical_counts_are_clean_on_real_tree" time="0.078" /><testcase classname="tests.gates.test_architecture" name="test_ddl_physical_is_derived_from_real_ddl" time="0.002" /><testcase classname="tests.gates.test_architecture" name="test_mutation_stale_trigger_count_is_detected[\u30c8\u30ea\u30ac 14 \u672c]" time="0.005" /><testcase classname="tests.gates.test_architecture" name="test_mutation_stale_trigger_count_is_detected[\u30c8\u30ea\u30ac 11 \u672c]" time="0.003" /><testcase classname="tests.gates.test_architecture" name="test_mutation_stale_trigger_count_is_detected[\u4fdd\u8b77\u30c8\u30ea\u30ac 4 \u672c]" time="0.003" /><testcase classname="tests.gates.test_architecture" name="test_mutation_stale_trigger_count_is_detected[\u6574\u5408\u30c8\u30ea\u30ac 6 \u4ef6]" time="0.003" /><testcase classname="tests.gates.test_architecture" name="test_mutation_stale_trigger_count_is_detected[15 \u672c\u306e\u30c8\u30ea\u30ac]" time="0.003" /><testcase classname="tests.gates.test_architecture" name="test_mutation_stale_trigger_count_is_detected[\u30c8\u30ea\u30ac 11]" time="0.003" /><testcase classname="tests.gates.test_architecture" name="test_mutation_stale_trigger_count_is_detected[\u30c8\u30ea\u30ac\u30fc\u306f 11 \u672c]" time="0.003" /><testcase classname="tests.gates.test_architecture" name="test_mutation_stale_trigger_count_is_detected[11 \u57fa\u306e\u30c8\u30ea\u30ac]" time="0.003" /><testcase classname="tests.gates.test_architecture" name="test_mutation_stale_trigger_count_is_detected[\u30c8\u30ea\u30ac\u30fc 14]" time="0.003" /><testcase classname="tests.gates.test_architecture" name="test_mutation_stale_table_count_is_detected[19 \u30c6\u30fc\u30d6\u30eb]" time="0.003" /><testcase classname="tests.gates.test_architecture" name="test_mutation_stale_table_count_is_detected[24 \u30c6\u30fc\u30d6\u30eb]" time="0.003" /><testcase classname="tests.gates.test_architecture" name="test_mutation_stale_table_count_is_detected[26 \u30c6\u30fc\u30d6\u30eb]" time="0.003" /><testcase classname="tests.gates.test_architecture" name="test_mutation_stale_test_name_count_is_detected" time="0.001" /><testcase classname="tests.gates.test_architecture" name="test_section_numbers_are_not_read_as_trigger_counts" time="0.001" /><testcase classname="tests.gates.test_architecture" name="test_identifier_digits_are_not_read_as_counts" time="0.002" /><testcase classname="tests.gates.test_authority" name="test_manifest_is_clean_on_real_tree" time="0.018" /><testcase classname="tests.gates.test_authority" name="test_mutation_duplicate_artifact_id_is_detected" time="0.000" /><testcase classname="tests.gates.test_authority" name="test_mutation_duplicate_canonical_claim_is_detected" time="0.000" /><testcase classname="tests.gates.test_authority" name="test_mutation_missing_canonical_path_is_detected" time="0.005" /><testcase classname="tests.gates.test_authority" name="test_mutation_view_outside_views_dir_is_detected" time="0.003" /><testcase classname="tests.gates.test_authority" name="test_mutation_asymmetric_pair_is_detected" time="0.000" /><testcase classname="tests.gates.test_authority" name="test_mutation_unregistered_artifact_is_detected" time="0.012" /><testcase classname="tests.gates.test_authority" name="test_frozen_reference_mutation_is_detected" time="0.026" /><testcase classname="tests.gates.test_authority" name="test_artifact_content_digest_matches_manifest" time="0.011" /><testcase classname="tests.gates.test_authority" name="test_manifest_file_is_registered_authority" time="0.000" /><testcase classname="tests.gates.test_authority" name="test_current_state_is_single_sourced_on_the_real_tree" time="0.009" /><testcase classname="tests.gates.test_authority" name="test_mutation_restating_the_current_state_elsewhere_is_detected" time="0.003" /><testcase classname="tests.gates.test_authority" name="test_mutation_forbidden_route_phrase_is_detected" time="0.001" /><testcase classname="tests.gates.test_authority" name="test_mutation_duplicated_state_line_inside_an_owner_is_detected" time="0.002" /><testcase classname="tests.gates.test_authority" name="test_format_discipline_is_clean_on_real_tree" time="0.010" /><testcase classname="tests.gates.test_authority" name="test_mutation_json_ledger_claiming_markdown_authority_is_detected" time="0.010" /><testcase classname="tests.gates.test_authority" name="test_mutation_format_mismatch_with_extension_is_detected" time="0.010" /><testcase classname="tests.gates.test_authority" name="test_mutation_generated_view_registered_as_canonical_is_detected" time="0.010" /><testcase classname="tests.gates.test_authority" name="test_mutation_view_generation_flag_desync_is_detected" time="0.010" /><testcase classname="tests.gates.test_authority" name="test_status_discipline_is_clean_on_real_tree" time="0.003" /><testcase classname="tests.gates.test_authority" name="test_mutation_confirmed_without_approval_digest_is_detected" time="0.003" /><testcase classname="tests.gates.test_authority" name="test_mutation_draft_document_promoted_in_manifest_only_is_detected" time="0.003" /><testcase classname="tests.gates.test_authority" name="test_mutation_authority_status_and_frozen_path_desync_is_detected" time="0.003" /><testcase classname="tests.gates.test_authority" name="test_slice_placement_is_clean_on_real_tree" time="0.004" /><testcase classname="tests.gates.test_authority" name="test_mutation_undeclared_forward_reference_is_detected" time="0.008" /><testcase classname="tests.gates.test_authority" name="test_mutation_trace_from_another_slice_is_detected" time="0.008" /><testcase classname="tests.gates.test_authority" name="test_mutation_slice_directory_mismatch_is_detected" time="0.008" /><testcase classname="tests.gates.test_authority" name="test_mutation_unknown_requirement_in_body_is_detected" time="0.008" /><testcase classname="tests.gates.test_authority" name="test_mutation_dus_declaration_desync_is_detected" time="0.008" /><testcase classname="tests.gates.test_authority" name="test_mutation_feature_doc_not_covering_declared_du_is_detected" time="0.009" /><testcase classname="tests.gates.test_authority" name="test_mutation_untracked_canonical_is_detected" time="0.002" /><testcase classname="tests.gates.test_authority" name="test_mutation_git_listing_failure_is_fail_close" time="0.000" /><testcase classname="tests.gates.test_authority" name="test_mutation_generated_marker_outside_window_is_detected" time="0.001" /><testcase classname="tests.gates.test_authority" name="test_mutation_nonexistent_feature_design_is_detected" time="0.008" /><testcase classname="tests.gates.test_authority" name="test_tracked_files_returns_none_on_git_failure" time="0.000" /><testcase classname="tests.gates.test_authority" name="test_mutation_s1_feature_design_on_s0_du_is_detected" time="0.008" /><testcase classname="tests.gates.test_authority" name="test_relations_are_clean_on_real_tree" time="0.000" /><testcase classname="tests.gates.test_authority" name="test_mutation_dangling_relation_reference_is_detected" time="0.000" /><testcase classname="tests.gates.test_authority" name="test_mutation_superseding_a_live_artifact_is_detected" time="0.000" /><testcase classname="tests.gates.test_authority" name="test_mutation_self_reference_is_detected" time="0.001" /><testcase classname="tests.gates.test_authority" name="test_mutation_duplicate_declaration_across_fields_is_detected" time="0.000" /><testcase classname="tests.gates.test_authority" name="test_mutation_relation_cycle_is_detected" time="0.000" /><testcase classname="tests.gates.test_authority" name="test_cycles_finds_longer_loops" time="0.000" /><testcase classname="tests.gates.test_authority" name="test_domains_are_clean_on_real_tree" time="0.000" /><testcase classname="tests.gates.test_authority" name="test_mutation_slice_name_as_domain_is_detected" time="0.001" /><testcase classname="tests.gates.test_authority" name="test_mutation_layer_name_as_domain_is_detected" time="0.000" /><testcase classname="tests.gates.test_authority" name="test_mutation_slice_name_inside_a_compound_domain_is_detected[s0-design]" time="0.000" /><testcase classname="tests.gates.test_authority" name="test_mutation_slice_name_inside_a_compound_domain_is_detected[design-s1]" time="0.000" /><testcase classname="tests.gates.test_authority" name="test_mutation_slice_name_inside_a_compound_domain_is_detected[later-work]" time="0.000" /><testcase classname="tests.gates.test_authority" name="test_mutation_slice_name_inside_a_compound_domain_is_detected[cross-domain]" time="0.000" /><testcase classname="tests.gates.test_authority" name="test_mutation_layer_name_inside_a_compound_domain_is_detected[l4-design]" time="0.000" /><testcase classname="tests.gates.test_authority" name="test_mutation_layer_name_inside_a_compound_domain_is_detected[design-l6]" time="0.000" /><testcase classname="tests.gates.test_authority" name="test_mutation_layer_name_inside_a_compound_domain_is_detected[l0-charter]" time="0.000" /><testcase classname="tests.gates.test_authority" name="test_mutation_non_kebab_domain_is_detected" time="0.000" /><testcase classname="tests.gates.test_baseline" name="test_all_gate_modules_exist" time="0.000" /><testcase classname="tests.gates.test_baseline" name="test_validator_is_a_thin_wrapper" time="0.000" /><testcase classname="tests.gates.test_baseline" name="test_gate_ids_are_all_listed_in_the_ledger" time="0.001" /><testcase classname="tests.gates.test_baseline" name="test_gate_count_is_not_below_recorded_baseline" time="0.001" /><testcase classname="tests.gates.test_baseline" name="test_historical_counts_are_kept_out_of_live_denominators" time="0.000" /><testcase classname="tests.gates.test_baseline" name="test_ratchet_passes_when_nothing_regresses" time="0.012" /><testcase classname="tests.gates.test_baseline" name="test_mutation_shrinking_a_denominator_is_detected" time="0.002" /><testcase classname="tests.gates.test_baseline" name="test_mutation_dropping_a_denominator_key_is_detected" time="0.002" /><testcase classname="tests.gates.test_baseline" name="test_retired_keys_are_allowed_to_disappear" time="0.002" /><testcase classname="tests.gates.test_baseline" name="test_mutation_gate_removal_is_detected" time="0.002" /><testcase classname="tests.gates.test_baseline" name="test_mutation_unapproved_skip_raise_is_detected" time="0.004" /><testcase classname="tests.gates.test_baseline" name="test_mutation_contract_denominator_shrink_is_detected" time="0.002" /><testcase classname="tests.gates.test_baseline" name="test_committed_baseline_resolves_previous_path" time="0.007" /><testcase classname="tests.gates.test_baseline" name="test_real_mutation_tests_satisfy_the_meta_gate" time="0.004" /><testcase classname="tests.gates.test_baseline" name="test_mutation_hollow_mutation_test_does_not_satisfy_the_meta_gate" time="0.004" /><testcase classname="tests.gates.test_baseline" name="test_mutation_comment_only_mutation_marker_is_detected" time="0.003" /><testcase classname="tests.gates.test_baseline" name="test_mutation_missing_import_is_reported_as_unlinked" time="0.002" /><testcase classname="tests.gates.test_baseline" name="test_mutation_missing_test_file_is_detected" time="0.001" /><testcase classname="tests.gates.test_baseline" name="test_real_gate_tests_pass_the_meta_gate" time="0.037" /><testcase classname="tests.gates.test_baseline" name="test_artifact_hashes_cover_gate_modules_and_manifest" time="0.012" /><testcase classname="tests.gates.test_baseline" name="test_mutation_hollow_forms_do_not_satisfy_the_meta_gate[\u7d50\u679c\u3092\u6368\u3066\u308b]" time="0.003" /><testcase classname="tests.gates.test_baseline" name="test_mutation_hollow_forms_do_not_satisfy_the_meta_gate[\u7121\u95a2\u4fc2\u306a\u5909\u6570\u3092 assert]" time="0.004" /><testcase classname="tests.gates.test_baseline" name="test_mutation_hollow_forms_do_not_satisfy_the_meta_gate[\u5165\u308c\u5b50\u95a2\u6570\u306e\u4e2d]" time="0.003" /><testcase classname="tests.gates.test_baseline" name="test_mutation_hollow_forms_do_not_satisfy_the_meta_gate[if False: \u914d\u4e0b]" time="0.003" /><testcase classname="tests.gates.test_baseline" name="test_mutation_binding_the_call_result_satisfies_the_meta_gate" time="0.003" /><testcase classname="tests.gates.test_baseline" name="test_audit_records_are_hash_bound_in_the_baseline" time="0.012" /><testcase classname="tests.gates.test_baseline" name="test_mutation_tuple_disguise_does_not_satisfy_the_meta_gate" time="0.004" /><testcase classname="tests.gates.test_baseline" name="test_name_propagation_is_not_a_false_positive" time="0.003" /><testcase classname="tests.gates.test_baseline" name="test_positional_tuple_binding_is_accepted" time="0.003" /><testcase classname="tests.gates.test_baseline" name="test_mutation_non_git_tree_is_not_treated_as_first_commit" time="0.000" /><testcase classname="tests.gates.test_baseline" name="test_plan_preconditions_are_recorded_and_nonempty" time="0.000" /><testcase classname="tests.gates.test_baseline" name="test_mutation_dropping_a_plan_precondition_is_detected" time="0.003" /><testcase classname="tests.gates.test_baseline" name="test_current_plan_preconditions_do_not_regress_against_baseline" time="0.004" /><testcase classname="tests.gates.test_baseline" name="test_baseline_artifact_keys_are_tracked_paths" time="0.005" /><testcase classname="tests.gates.test_baseline" name="test_mutation_secret_like_key_in_baseline_is_detected" time="0.002" /><testcase classname="tests.gates.test_baseline" name="test_mutation_non_digest_value_in_baseline_is_detected" time="0.002" /><testcase classname="tests.gates.test_baseline" name="test_mutation_tracked_but_missing_path_is_detected" time="0.000" /><testcase classname="tests.gates.test_baseline" name="test_gitleaks_allowlist_is_hash_bound" time="0.012" /><testcase classname="tests.gates.test_baseline" name="test_mutation_secret_like_key_reaches_production_gate" time="0.040" /><testcase classname="tests.gates.test_baseline" name="test_mutation_downgrading_verification_level_is_detected" time="0.003" /><testcase classname="tests.gates.test_baseline" name="test_mutation_weakening_separation_status_is_detected" time="0.004" /><testcase classname="tests.gates.test_baseline" name="test_mutation_moving_a_fn_across_updates_is_detected" time="0.002" /><testcase classname="tests.gates.test_baseline" name="test_mutation_skip_raise_without_design_addition_is_detected" time="0.005" /><testcase classname="tests.gates.test_baseline" name="test_mutation_skip_raise_without_parent_ut_count_is_failclose" time="0.000" /><testcase classname="tests.gates.test_detailed_design" name="test_api_ut_assignment_is_complete" time="0.011" /><testcase classname="tests.gates.test_detailed_design" name="test_mutation_api_without_ut_is_detected" time="0.001" /><testcase classname="tests.gates.test_detailed_design" name="test_mutation_ut_pointing_at_missing_function_is_detected" time="0.001" /><testcase classname="tests.gates.test_detailed_design" name="test_mutation_empty_precondition_violates_dbc_schema" time="0.001" /><testcase classname="tests.gates.test_detailed_design" name="test_every_api_declares_pre_and_post" time="0.000" /><testcase classname="tests.gates.test_detailed_design" name="test_hollow_pattern_matches_placeholders" time="0.000" /><testcase classname="tests.gates.test_detailed_design" name="test_every_api_and_clause_has_a_stable_id" time="0.000" /><testcase classname="tests.gates.test_detailed_design" name="test_every_ut_declares_the_clauses_it_verifies" time="0.000" /><testcase classname="tests.gates.test_detailed_design" name="test_ut_nodeids_accessor_matches_trace" time="0.000" /><testcase classname="tests.gates.test_detailed_design" name="test_every_clause_is_covered_by_ac_or_reasoned_na" time="0.002" /><testcase classname="tests.gates.test_detailed_design" name="test_implementation_units_are_clean_on_real_tree" time="0.007" /><testcase classname="tests.gates.test_detailed_design" name="test_mutation_unknown_api_ref_is_detected" time="0.009" /><testcase classname="tests.gates.test_detailed_design" name="test_mutation_api_ref_as_array_is_rejected_by_schema" time="0.007" /><testcase classname="tests.gates.test_detailed_design" name="test_mutation_extra_property_is_rejected" time="0.009" /><testcase classname="tests.gates.test_detailed_design" name="test_mutation_clause_of_another_api_is_detected" time="0.007" /><testcase classname="tests.gates.test_detailed_design" name="test_mutation_ac_not_verifying_the_clause_is_detected" time="0.008" /><testcase classname="tests.gates.test_detailed_design" name="test_mutation_ut_not_verifying_the_clause_is_detected" time="0.008" /><testcase classname="tests.gates.test_detailed_design" name="test_mutation_trace_substitute_word_is_detected" time="0.008" /><testcase classname="tests.gates.test_detailed_design" name="test_mutation_ac_outside_du_trace_is_detected" time="0.007" /><testcase classname="tests.gates.test_detailed_design" name="test_mutation_tc_not_verifying_the_ac_is_detected" time="0.008" /><testcase classname="tests.gates.test_detailed_design" name="test_mutation_ut_outside_api_assignment_is_detected" time="0.007" /><testcase classname="tests.gates.test_detailed_design" name="test_mutation_uncovered_api_is_detected" time="0.007" /><testcase classname="tests.gates.test_detailed_design" name="test_mutation_duplicate_clause_claim_on_same_api_is_detected" time="0.009" /><testcase classname="tests.gates.test_detailed_design" name="test_mutation_missing_unit_id_in_document_is_detected" time="0.007" /><testcase classname="tests.gates.test_detailed_design" name="test_mutation_trace_substitute_synonyms_are_detected[\u6e96\u7528]" time="0.008" /><testcase classname="tests.gates.test_detailed_design" name="test_mutation_trace_substitute_synonyms_are_detected[\u6e96\u3058\u308b]" time="0.007" /><testcase classname="tests.gates.test_detailed_design" name="test_mutation_trace_substitute_synonyms_are_detected[\u8e0f\u8972]" time="0.008" /><testcase classname="tests.gates.test_detailed_design" name="test_mutation_trace_substitute_synonyms_are_detected[\u6d41\u7528]" time="0.007" /><testcase classname="tests.gates.test_detailed_design" name="test_mutation_trace_substitute_synonyms_are_detected[\u501f\u7528]" time="0.009" /><testcase classname="tests.gates.test_detailed_design" name="test_mutation_trace_substitute_synonyms_are_detected[\u540c\u69d8\u306b\u6271\u3046]" time="0.007" /><testcase classname="tests.gates.test_detailed_design" name="test_trace_substitute_scan_covers_s1_documents" time="0.001" /><testcase classname="tests.gates.test_detailed_design" name="test_mutation_free_text_na_reason_is_detected" time="0.008" /><testcase classname="tests.gates.test_detailed_design" name="test_mutation_erasing_an_api_via_na_reason_is_detected" time="0.006" /><testcase classname="tests.gates.test_detailed_design" name="test_mutation_stale_uncovered_api_entry_is_detected" time="0.002" /><testcase classname="tests.gates.test_detailed_design" name="test_uncovered_api_ledger_matches_reality" time="0.000" /><testcase classname="tests.gates.test_detailed_design" name="test_mutation_duplicate_api_id_is_detected" time="0.005" /><testcase classname="tests.gates.test_detailed_design" name="test_mutation_duplicate_clause_id_is_detected" time="0.007" /><testcase classname="tests.gates.test_detailed_design" name="test_mutation_duplicate_ledger_entry_is_detected" time="0.001" /><testcase classname="tests.gates.test_detailed_design" name="test_mutation_ledger_metadata_mismatch_is_detected" time="0.002" /><testcase classname="tests.gates.test_detailed_design" name="test_update_is_derived_from_du_fn_ids_and_updates_json" time="0.000" /><testcase classname="tests.gates.test_detailed_design" name="test_uncovered_ledger_updates_match_derivation" time="0.000" /><testcase classname="tests.gates.test_detailed_design" name="test_mutation_hand_written_update_that_contradicts_derivation_is_detected" time="0.001" /><testcase classname="tests.gates.test_detailed_design" name="test_mutation_slice_vocabulary_as_resolution_is_detected" time="0.001" /><testcase classname="tests.gates.test_detailed_design" name="test_mutation_legacy_resolution_slice_field_is_detected" time="0.001" /><testcase classname="tests.gates.test_detailed_design" name="test_update_closure_declaration_matches_reality" time="0.001" /><testcase classname="tests.gates.test_detailed_design" name="test_mutation_unresolved_gap_reopens_the_update" time="0.006" /><testcase classname="tests.gates.test_detailed_design" name="test_mutation_closed_claim_without_closure_is_detected" time="0.002" /><testcase classname="tests.gates.test_detailed_design" name="test_mutation_claim_absent_from_current_state_is_detected" time="0.002" /><testcase classname="tests.gates.test_detailed_design" name="test_every_api_declares_a_verification_level" time="0.000" /><testcase classname="tests.gates.test_detailed_design" name="test_mutation_internal_level_without_reason_is_detected" time="0.006" /><testcase classname="tests.gates.test_detailed_design" name="test_mutation_unit_category_without_ut_link_is_detected" time="0.007" /><testcase classname="tests.gates.test_detailed_design" name="test_mutation_gap_category_on_ut_verified_clause_is_detected" time="0.006" /><testcase classname="tests.gates.test_detailed_design" name="test_mutation_internal_api_listed_in_uncovered_ledger_is_detected" time="0.002" /><testcase classname="tests.gates.test_detailed_design" name="test_mutation_internal_api_cannot_swap_ut_link_for_ac" time="0.006" /><testcase classname="tests.gates.test_requirements" name="test_polarity_gaps_clean_on_real_contracts" time="0.000" /><testcase classname="tests.gates.test_requirements" name="test_mutation_removing_reject_ac_is_detected" time="0.001" /><testcase classname="tests.gates.test_requirements" name="test_invariant_gaps_clean_on_real_contracts" time="0.000" /><testcase classname="tests.gates.test_requirements" name="test_mutation_invariant_map_pointing_at_normal_ac_is_detected" time="0.000" /><testcase classname="tests.gates.test_requirements" name="test_contract_table_faults_clean_on_real_contracts" time="0.001" /><testcase classname="tests.gates.test_requirements" name="test_mutation_unknown_table_reference_is_detected" time="0.000" /><testcase classname="tests.gates.test_requirements" name="test_mutation_malformed_table_notation_is_detected" time="0.000" /><testcase classname="tests.gates.test_requirements" name="test_current_denominators_match_declared_scope" time="0.000" /><testcase classname="tests.gates.test_requirements" name="test_no_legacy_denominator_leaks_in_live_docs" time="0.011" /><testcase classname="tests.gates.test_requirements" name="test_mutation_legacy_denominator_in_a_live_doc_is_detected" time="0.004" /><testcase classname="tests.gates.test_requirements" name="test_historical_directories_are_exempt_from_the_legacy_scan" time="0.004" /><testcase classname="tests.gates.test_review_binding" name="test_path_resolver_maps_previous_paths_to_current" time="0.000" /><testcase classname="tests.gates.test_review_binding" name="test_path_resolver_is_identity_for_current_paths" time="0.000" /><testcase classname="tests.gates.test_review_binding" name="test_successors_follow_supersedes_chain" time="0.000" /><testcase classname="tests.gates.test_review_binding" name="test_mutation_broken_chain_yields_no_successor" time="0.000" /><testcase classname="tests.gates.test_review_binding" name="test_mutation_no_go_successor_is_not_counted" time="0.000" /><testcase classname="tests.gates.test_review_binding" name="test_mutation_chain_does_not_traverse_through_no_go" time="0.000" /><testcase classname="tests.gates.test_review_binding" name="test_review_artifacts_are_bound" time="1.222" /><testcase classname="tests.gates.test_review_binding" name="test_commit_tree_returns_root_tree_of_commit" time="0.005" /><testcase classname="tests.gates.test_review_binding" name="test_mutation_unknown_commit_yields_none" time="0.003" /><testcase classname="tests.gates.test_review_binding" name="test_mutation_missing_target_tree_is_detected" time="1.204" /><testcase classname="tests.gates.test_review_binding" name="test_mutation_dangling_target_tree_is_detected" time="1.223" /><testcase classname="tests.gates.test_review_binding" name="test_mutation_other_commits_tree_is_detected" time="1.194" /><testcase classname="tests.gates.test_review_binding" name="test_mutation_same_digest_on_another_artifact_does_not_carry_over" time="0.021" /><testcase classname="tests.gates.test_review_binding" name="test_mutation_unknown_target_commit_is_detected" time="1.189" /><testcase classname="tests.gates.test_review_binding" name="test_committed_review_gets_no_grace_for_target_tree" time="0.076" /><testcase classname="tests.gates.test_review_binding" name="test_mutation_out_of_repo_path_is_not_granted_grace" time="0.004" /><testcase classname="tests.gates.test_review_binding" name="test_separation_self_attested_case_is_clean" time="0.003" /><testcase classname="tests.gates.test_review_binding" name="test_mutation_same_execution_id_is_detected" time="0.003" /><testcase classname="tests.gates.test_review_binding" name="test_mutation_same_principal_is_detected" time="0.003" /><testcase classname="tests.gates.test_review_binding" name="test_mutation_forged_log_digest_is_detected" time="0.003" /><testcase classname="tests.gates.test_review_binding" name="test_mutation_missing_log_is_detected" time="0.003" /><testcase classname="tests.gates.test_review_binding" name="test_mutation_log_without_execution_id_is_detected" time="0.003" /><testcase classname="tests.gates.test_review_binding" name="test_mutation_missing_evidence_fields_are_detected" time="0.003" /><testcase classname="tests.gates.test_review_binding" name="test_unverified_must_not_claim_separation_evidence" time="0.001" /><testcase classname="tests.gates.test_review_binding" name="test_mutation_missing_separation_status_is_detected" time="0.001" /><testcase classname="tests.gates.test_review_binding" name="test_real_reviews_declare_separation_status" time="0.009" /><testcase classname="tests.gates.test_review_binding" name="test_log_declarations_requires_typed_records" time="0.004" /><testcase classname="tests.gates.test_review_binding" name="test_mutation_untyped_id_and_prose_model_forgery_is_detected" time="0.003" /><testcase classname="tests.gates.test_review_binding" name="test_mutation_model_declared_only_in_session_record_is_detected" time="0.003" /><testcase classname="tests.gates.test_review_binding" name="test_mutation_untracked_log_is_detected" time="0.003" /><testcase classname="tests.gates.test_review_binding" name="test_mutation_unverified_review_claiming_independence_is_detected" time="0.002" /><testcase classname="tests.gates.test_review_binding" name="test_real_unverified_reviews_do_not_claim_independence" time="0.001" /><testcase classname="tests.gates.test_review_binding" name="test_mutation_top_level_declaration_without_payload_is_detected" time="0.003" /><testcase classname="tests.gates.test_review_binding" name="test_mutation_scalar_payload_does_not_fall_back" time="0.001" /><testcase classname="tests.gates.test_review_binding" name="test_mutation_local_log_cannot_claim_third_party_verification" time="0.003" /><testcase classname="tests.gates.test_review_binding" name="test_mutation_self_attested_with_ci_fields_is_detected" time="0.003" /><testcase classname="tests.gates.test_review_binding" name="test_ci_attested_requires_run_binding" time="0.005" /><testcase classname="tests.gates.test_review_binding" name="test_ci_attested_is_unreachable_without_trusted_keys" time="0.005" /><testcase classname="tests.gates.test_review_binding" name="test_mutation_ci_attested_without_attestation_file_is_detected" time="0.003" /><testcase classname="tests.gates.test_review_binding" name="test_mutation_ci_attestation_for_another_commit_is_detected" time="0.005" /><testcase classname="tests.gates.test_review_binding" name="test_mutation_ci_attestation_digest_mismatch_is_detected" time="0.004" /><testcase classname="tests.gates.test_review_binding" name="test_mutation_ci_url_not_matching_run_id_is_detected" time="0.005" /><testcase classname="tests.gates.test_review_binding" name="test_mutation_legacy_verified_status_is_rejected" time="0.003" /><testcase classname="tests.gates.test_review_binding" name="test_real_reviews_use_the_three_valued_status" time="0.001" /><testcase classname="tests.gates.test_review_binding" name="test_mutation_ci_attestation_for_another_artifact_is_detected" time="0.005" /><testcase classname="tests.gates.test_review_binding" name="test_mutation_ci_attestation_unknown_workflow_is_detected" time="0.004" /><testcase classname="tests.gates.test_review_binding" name="test_mutation_ci_attestation_name_mismatch_is_detected" time="0.004" /><testcase classname="tests.gates.test_review_binding" name="test_ci_attestation_directory_is_git_tracked_in_production" time="0.004" /><testcase classname="tests.gates.test_run_all" name="test_all_modules_are_registered_in_execution_order" time="0.000" /><testcase classname="tests.gates.test_run_all" name="test_registry_collects_failures_and_resets" time="0.000" /><testcase classname="tests.gates.test_run_all" name="test_mutation_a_failing_gate_makes_the_entry_point_nonzero" time="0.000" /><testcase classname="tests.gates.test_run_all" name="test_receipt_index_collects_confirmed_rows_with_digests" time="0.001" /><testcase classname="tests.gates.test_run_all" name="test_mutation_receipt_without_a_valid_digest_is_not_indexed" time="0.001" /><testcase classname="tests.gates.test_run_all" name="test_wrapper_and_entry_point_agree" time="3.533" /><testcase classname="tests.gates.test_semantic_refs" name="test_all_structured_refs_resolve" time="0.002" /><testcase classname="tests.gates.test_semantic_refs" name="test_mutation_unknown_table_ref_is_detected" time="0.000" /><testcase classname="tests.gates.test_semantic_refs" name="test_mutation_unknown_column_ref_is_detected" time="0.000" /><testcase classname="tests.gates.test_semantic_refs" name="test_mutation_missing_semantic_refs_block_is_detected" time="0.000" /><testcase classname="tests.gates.test_semantic_refs" name="test_state_evidence_consistency_holds" time="0.000" /><testcase classname="tests.gates.test_semantic_refs" name="test_mutation_operation_log_for_internal_transition_is_detected" time="0.000" /><testcase classname="tests.gates.test_test_pairing" name="test_s0_1_not_started_on_current_tree" time="0.001" /><testcase classname="tests.gates.test_test_pairing" name="test_mutation_src_implementation_file_triggers_start_detection" time="0.003" /><testcase classname="tests.gates.test_test_pairing" name="test_mutation_plan_in_progress_triggers_start_detection" time="0.002" /><testcase classname="tests.gates.test_test_pairing" name="test_ut_escape_detection_flags_skip_xfail_and_empty_assert" time="0.002" /><testcase classname="tests.gates.test_test_pairing" name="test_ut_escape_detection_accepts_real_assertion" time="0.003" /><testcase classname="tests.gates.test_test_pairing" name="test_mutation_notimplementederror_is_detected" time="0.003" /><testcase classname="tests.gates.test_test_pairing" name="test_coverage_floor_is_zero_before_start_and_eighty_after" time="0.001" /><testcase classname="tests.gates.test_test_pairing" name="test_s0_target_uts_cover_du_01_to_12" time="0.000" /><testcase classname="tests.gates.test_test_pairing" name="test_mutation_module_level_skip_is_detected" time="0.005" /><testcase classname="tests.gates.test_test_pairing" name="test_mutation_pytestmark_skip_is_detected" time="0.005" /><testcase classname="tests.gates.test_test_pairing" name="test_mutation_inline_xfail_call_is_detected" time="0.005" /><testcase classname="tests.gates.test_test_pairing" name="test_mutation_skipif_decorator_is_detected" time="0.005" /><testcase classname="tests.gates.test_test_pairing" name="test_mutation_constant_assert_is_detected" time="0.005" /><testcase classname="tests.gates.test_test_pairing" name="test_mutation_implementation_hidden_in_init_py_is_detected" time="0.003" /><testcase classname="tests.gates.test_test_pairing" name="test_docstring_only_init_is_not_an_implementation" time="0.001" /><testcase classname="tests.gates.test_test_pairing" name="test_mutation_conditional_def_and_lambda_are_implementations" time="0.001" /><testcase classname="tests.gates.test_test_pairing" name="test_mutation_bare_skip_from_pytest_import_is_detected" time="0.005" /><testcase classname="tests.gates.test_test_pairing" name="test_pytest_raises_only_rejection_test_is_not_a_violation" time="0.005" /><testcase classname="tests.gates.test_test_pairing" name="test_mock_assertion_only_test_is_not_a_violation" time="0.005" /><testcase classname="tests.gates.test_test_pairing" name="test_non_pytest_decorator_named_skip_is_not_a_violation" time="0.005" /><testcase classname="tests.gates.test_test_pairing" name="test_module_level_sys_exit_is_not_a_module_skip" time="0.005" /><testcase classname="tests.gates.test_test_pairing" name="test_committed_coverage_floor_reports_its_source" time="0.007" /><testcase classname="tests.gates.test_test_pairing" name="test_mutation_escape_matrix[pytest.skip]" time="0.007" /><testcase classname="tests.gates.test_test_pairing" name="test_mutation_escape_matrix[from-import]" time="0.006" /><testcase classname="tests.gates.test_test_pairing" name="test_mutation_escape_matrix[import-alias]" time="0.006" /><testcase classname="tests.gates.test_test_pairing" name="test_mutation_escape_matrix[symbol-alias]" time="0.007" /><testcase classname="tests.gates.test_test_pairing" name="test_mutation_escape_matrix[module-rebind]" time="0.006" /><testcase classname="tests.gates.test_test_pairing" name="test_mutation_escape_matrix[symbol-rebind]" time="0.006" /><testcase classname="tests.gates.test_test_pairing" name="test_mutation_escape_matrix[mark-rebind]" time="0.007" /><testcase classname="tests.gates.test_test_pairing" name="test_mutation_escape_matrix[getattr]" time="0.007" /><testcase classname="tests.gates.test_test_pairing" name="test_mutation_escape_matrix[nested-assert-only]" time="0.006" /><testcase classname="tests.gates.test_test_pairing" name="test_mutation_escape_matrix[unreachable-assert-only]" time="0.005" /><testcase classname="tests.gates.test_test_pairing" name="test_mutation_escape_matrix[custom-skip-decorator]" time="0.005" /><testcase classname="tests.gates.test_test_pairing" name="test_mutation_escape_matrix[module-level-sys-exit]" time="0.007" /><testcase classname="tests.gates.test_test_pairing" name="test_mutation_escape_matrix[unittest-assert-method]" time="0.006" /><testcase classname="tests.gates.test_test_pairing" name="test_mutation_escape_matrix[star-import]" time="0.006" /><testcase classname="tests.gates.test_test_pairing" name="test_mutation_escape_matrix[tuple-alias]" time="0.006" /><testcase classname="tests.gates.test_test_pairing" name="test_mutation_escape_matrix[annassign-alias]" time="0.006" /><testcase classname="tests.gates.test_test_pairing" name="test_mutation_escape_matrix[walrus-alias]" time="0.005" /><testcase classname="tests.gates.test_test_pairing" name="test_mutation_escape_matrix[multi-hop-alias]" time="0.007" /><testcase classname="tests.gates.test_test_pairing" name="test_mutation_escape_matrix[dead-while-false]" time="0.005" /><testcase classname="tests.gates.test_test_pairing" name="test_mutation_escape_matrix[dead-after-return]" time="0.006" /><testcase classname="tests.gates.test_test_pairing" name="test_mutation_escape_matrix[dead-after-raise]" time="0.006" /><testcase classname="tests.gates.test_test_pairing" name="test_mutation_escape_matrix[live-try-except]" time="0.005" /><testcase classname="tests.gates.test_test_pairing" name="test_mutation_escape_matrix[live-finally]" time="0.007" /><testcase classname="tests.gates.test_test_pairing" name="test_mutation_escape_matrix[live-for-else]" time="0.006" /><testcase classname="tests.gates.test_test_pairing" name="test_mutation_escape_matrix[live-while-dynamic]" time="0.006" /><testcase classname="tests.gates.test_test_pairing" name="test_mutation_escape_matrix[live-with]" time="0.006" /><testcase classname="tests.gates.test_test_pairing" name="test_plan_is_clean_on_the_real_tree" time="0.003" /><testcase classname="tests.gates.test_test_pairing" name="test_mutation_starting_with_unmet_preconditions_is_detected" time="0.002" /><testcase classname="tests.gates.test_test_pairing" name="test_mutation_flipping_status_to_in_progress_with_unmet_precondition_is_detected" time="0.002" /><testcase classname="tests.gates.test_test_pairing" name="test_met_preconditions_allow_starting" time="0.002" /><testcase classname="tests.gates.test_test_pairing" name="test_mutation_dropping_a_required_precondition_is_detected" time="0.001" /><testcase classname="tests.gates.test_test_pairing" name="test_mutation_unrelated_gate_cannot_meet_a_required_precondition[G-UT-NO-ESCAPE]" time="0.002" /><testcase classname="tests.gates.test_test_pairing" name="test_mutation_unrelated_gate_cannot_meet_a_required_precondition[G-BASE-HASH]" time="0.003" /><testcase classname="tests.gates.test_test_pairing" name="test_mutation_unrelated_gate_cannot_meet_a_required_precondition[G-MANIFEST-DOMAIN]" time="0.002" /><testcase classname="tests.gates.test_test_pairing" name="test_mutation_commit_sha_cannot_meet_a_required_precondition" time="0.004" /><testcase classname="tests.gates.test_test_pairing" name="test_mutation_declaring_the_dedicated_gate_without_implementing_it_is_detected" time="0.002" /><testcase classname="tests.gates.test_test_pairing" name="test_mutation_removing_preconditions_is_detected" time="0.002" /><testcase classname="tests.gates.test_test_pairing" name="test_mutation_non_dict_precondition_is_a_readable_violation" time="0.002" /><testcase classname="tests.gates.test_test_pairing" name="test_mutation_stub_description_is_detected" time="0.002" /><testcase classname="tests.gates.test_test_pairing" name="test_mutation_met_without_met_by_is_detected" time="0.002" /><testcase classname="tests.gates.test_test_pairing" name="test_mutation_met_by_unknown_gate_is_detected[G-DOES-NOT-EXIST]" time="0.002" /><testcase classname="tests.gates.test_test_pairing" name="test_mutation_met_by_unknown_gate_is_detected[G-BASE]" time="0.002" /><testcase classname="tests.gates.test_test_pairing" name="test_mutation_met_by_unknown_gate_is_detected[G-UNIQ]" time="0.002" /><testcase classname="tests.gates.test_test_pairing" name="test_mutation_met_by_unknown_gate_is_detected[G-UT-NO]" time="0.003" /><testcase classname="tests.gates.test_test_pairing" name="test_mutation_met_by_unknown_gate_is_detected[G-CNT]" time="0.002" /><testcase classname="tests.gates.test_test_pairing" name="test_real_gate_ids_are_accepted_as_met_by[G-BASE-HASH]" time="0.002" /><testcase classname="tests.gates.test_test_pairing" name="test_real_gate_ids_are_accepted_as_met_by[G-UT-NO-ESCAPE]" time="0.003" /><testcase classname="tests.gates.test_test_pairing" name="test_real_gate_ids_are_accepted_as_met_by[G-SLICE-PLACEMENT]" time="0.002" /><testcase classname="tests.gates.test_test_pairing" name="test_mutation_met_by_unknown_commit_is_detected" time="0.003" /><testcase classname="tests.gates.test_test_pairing" name="test_met_by_real_commit_is_accepted" time="0.005" /><testcase classname="tests.gates.test_test_pairing" name="test_mutation_planned_to_done_shortcut_is_detected" time="0.002" /><testcase classname="tests.gates.test_test_pairing" name="test_mutation_plan_done_triggers_start_detection" time="0.002" /><testcase classname="tests.gates.test_test_pairing" name="test_mutation_done_without_implementation_is_detected" time="0.002" /><testcase classname="tests.gates.test_test_reality" name="test_target_nodeids_are_repo_relative_and_nonempty" time="0.000" /><testcase classname="tests.gates.test_test_reality" name="test_report_faults_accepts_a_report_that_rederives_from_its_junit" time="0.010" /><testcase classname="tests.gates.test_test_reality" name="test_report_faults_is_empty_when_report_is_absent" time="0.004" /><testcase classname="tests.gates.test_test_reality" name="test_mutation_report_pointing_at_another_junit_is_rejected" time="0.008" /><testcase classname="tests.gates.test_test_reality" name="test_mutation_junit_without_report_regeneration_is_rejected" time="0.007" /><testcase classname="tests.gates.test_test_reality" name="test_mutation_handwritten_tests_do_not_match_the_junit_rederivation" time="0.010" /><testcase classname="tests.gates.test_test_reality" name="test_mutation_committing_the_outcome_artifact_is_rejected" time="0.007" /><testcase classname="tests.gates.test_test_reality" name="test_mutation_tracked_reports_are_rejected_even_without_a_report" time="0.002" /><testcase classname="tests.gates.test_test_reality" name="test_mutation_outcome_report_from_another_commit_is_rejected" time="0.012" /><testcase classname="tests.gates.test_test_reality" name="test_mutation_handwritten_report_without_collector_is_rejected" time="0.011" /><testcase classname="tests.gates.test_test_reality" name="test_mutation_unknown_outcome_vocabulary_is_rejected" time="0.010" /><testcase classname="tests.gates.test_test_reality" name="test_mutation_duplicate_nodeid_is_rejected" time="0.011" /><testcase classname="tests.gates.test_test_reality" name="test_mutation_tampered_junit_digest_is_rejected" time="0.007" /><testcase classname="tests.gates.test_test_reality" name="test_runtime_skip_of_target_ut_is_detected" time="0.004" /><testcase classname="tests.gates.test_test_reality" name="test_parametrized_nodeid_folds_to_the_declared_nodeid" time="0.004" /><testcase classname="tests.gates.test_test_reality" name="test_mutation_dynamic_import_skip_is_invisible_to_ast_but_caught_at_runtime" time="0.161" /><testcase classname="tests.gates.test_test_reality" name="test_dynamic_xfail_is_caught_at_runtime" time="0.141" /><testcase classname="tests.gates.test_test_reality" name="test_passing_test_is_not_flagged" time="0.135" /><testcase classname="tests.gates.test_test_reality" name="test_statically_visible_skip_is_not_double_counted" time="0.000" /><testcase classname="tests.gates.test_test_reality" name="test_per_test_faults_flags_missing_and_non_passed" time="0.005" /><testcase classname="tests.gates.test_test_reality" name="test_mutation_aggregate_pass_count_cannot_substitute_for_target_uts" time="0.005" /><testcase classname="tests.gates.test_test_reality" name="test_mutation_partial_binding_is_detected_as_implementation" time="0.002" /><testcase classname="tests.gates.test_test_reality" name="test_mutation_indirect_binding_variants_are_detected[setattr(obj, '{api}', real)]" time="0.002" /><testcase classname="tests.gates.test_test_reality" name="test_mutation_indirect_binding_variants_are_detected[obj.{api} = real]" time="0.002" /><testcase classname="tests.gates.test_test_reality" name="test_mutation_indirect_binding_variants_are_detected[REGISTRY['{api}'] = real]" time="0.002" /><testcase classname="tests.gates.test_test_reality" name="test_mutation_indirect_binding_variants_are_detected[globals()['{api}'] = real]" time="0.003" /><testcase classname="tests.gates.test_test_reality" name="test_mutation_indirect_binding_variants_are_detected[REGISTRY.update({{'{api}': real}})]" time="0.003" /><testcase classname="tests.gates.test_test_reality" name="test_mutation_indirect_binding_variants_are_detected[register('{api}', real)]" time="0.002" /><testcase classname="tests.gates.test_test_reality" name="test_mutation_indirect_binding_variants_are_detected[{api} = decorate(real)]" time="0.002" /><testcase classname="tests.gates.test_test_reality" name="test_mutation_indirect_binding_variants_are_detected[{api}: object = real]" time="0.003" /><testcase classname="tests.gates.test_test_reality" name="test_mutation_multi_stage_binding_is_detected[2]" time="0.002" /><testcase classname="tests.gates.test_test_reality" name="test_mutation_multi_stage_binding_is_detected[6]" time="0.003" /><testcase classname="tests.gates.test_test_reality" name="test_mutation_multi_stage_binding_is_detected[12]" time="0.004" /><testcase classname="tests.gates.test_test_reality" name="test_mutation_expression_carried_bindings_are_detected[REGISTRY['real']]" time="0.002" /><testcase classname="tests.gates.test_test_reality" name="test_mutation_expression_carried_bindings_are_detected[real if FLAG else real]" time="0.002" /><testcase classname="tests.gates.test_test_reality" name="test_mutation_expression_carried_bindings_are_detected[(real,)[0]]" time="0.002" /><testcase classname="tests.gates.test_test_reality" name="test_mutation_expression_carried_bindings_are_detected[[real][0]]" time="0.002" /><testcase classname="tests.gates.test_test_reality" name="test_mutation_expression_carried_bindings_are_detected[getattr(mod, 'real')]" time="0.003" /><testcase classname="tests.gates.test_test_reality" name="test_multi_stage_binding_written_in_reverse_order_is_detected" time="0.003" /><testcase classname="tests.gates.test_test_reality" name="test_non_api_bindings_are_not_start_signals" time="0.002" /><testcase classname="tests.gates.test_test_reality" name="test_binding_signals_feed_impl_start_detection" time="0.003" /><testcase classname="tests.gates.test_test_reality" name="test_syntax_error_in_src_is_fail_close" time="0.002" /><testcase classname="tests.gates.test_test_reality" name="test_ci_wiring_is_complete_in_production" time="0.014" /><testcase classname="tests.gates.test_test_reality" name="test_mutation_missing_ci_wiring_is_detected" time="0.000" /><testcase classname="tests.gates.test_test_reality" name="test_mutation_commented_out_or_disabled_steps_are_not_wiring" time="0.002" /><testcase classname="tests.gates.test_test_reality" name="test_mutation_collection_after_the_gate_is_detected" time="0.002" /><testcase classname="tests.gates.test_test_reality" name="test_wiring_accepts_a_correctly_ordered_job" time="0.003" /><testcase classname="tests.gates.test_test_reality" name="test_mutation_missing_artifact_upload_is_detected" time="0.003" /><testcase classname="tests.gates.test_test_reality" name="test_mutation_upload_without_the_outcome_json_is_detected" time="0.003" /><testcase classname="tests.gates.test_test_reality" name="test_mutation_upload_without_fail_on_missing_files_is_detected" time="0.002" /><testcase classname="tests.gates.test_test_reality" name="test_mutation_echo_only_wiring_is_not_accepted" time="0.003" /><testcase classname="tests.gates.test_test_reality" name="test_mutation_single_non_executing_command_cannot_fake_the_wiring" time="0.002" /><testcase classname="tests.gates.test_test_reality" name="test_mutation_reusing_one_command_for_all_three_requirements_is_detected" time="0.002" /><testcase classname="tests.gates.test_test_reality" name="test_mutation_non_executing_command_forms_are_rejected[      - run: false pytest --junitxml=reports/junit.xml\n      - run: python3 scripts/collect_test_outcome.py\n      - run: python3 tools/gates/run_all.py\n]" time="0.003" /><testcase classname="tests.gates.test_test_reality" name="test_mutation_non_executing_command_forms_are_rejected[      - run: pytest --junitxml=reports/junit.xml\n      - run: python3 -c scripts/collect_test_outcome.py\n      - run: python3 tools/gates/run_all.py\n]" time="0.003" /><testcase classname="tests.gates.test_test_reality" name="test_mutation_non_executing_command_forms_are_rejected[      - run: pytest --junitxml=reports/junit.xml\n      - run: python3 scripts/collect_test_outcome.py\n      - run: uv --help tools/gates/run_all.py\n]" time="0.003" /><testcase classname="tests.gates.test_test_reality" name="test_mutation_non_executing_command_forms_are_rejected[      - run: false &amp;&amp; pytest --junitxml=reports/junit.xml\n      - run: python3 scripts/collect_test_outcome.py\n      - run: python3 tools/gates/run_all.py\n]" time="0.002" /><testcase classname="tests.gates.test_test_reality" name="test_mutation_non_executing_command_forms_are_rejected[      - run: FLAG=1 false &amp;&amp; pytest --junitxml=reports/junit.xml\n      - run: python3 scripts/collect_test_outcome.py\n      - run: python3 tools/gates/run_all.py\n]" time="0.003" /><testcase classname="tests.gates.test_test_reality" name="test_mutation_non_executing_command_forms_are_rejected[      - run: pytest --help --junitxml=reports/junit.xml\n      - run: python3 scripts/collect_test_outcome.py\n      - run: python3 tools/gates/run_all.py\n]" time="0.003" /><testcase classname="tests.gates.test_test_reality" name="test_mutation_non_executing_command_forms_are_rejected[      - run: env -u CI false &amp;&amp; pytest --junitxml=reports/junit.xml\n      - run: python3 scripts/collect_test_outcome.py\n      - run: python3 tools/gates/run_all.py\n]" time="0.003" /><testcase classname="tests.gates.test_test_reality" name="test_mutation_non_executing_command_forms_are_rejected[      - run: env -C /tmp false &amp;&amp; pytest --junitxml=reports/junit.xml\n      - run: python3 scripts/collect_test_outcome.py\n      - run: python3 tools/gates/run_all.py\n]" time="0.004" /><testcase classname="tests.gates.test_test_reality" name="test_mutation_non_executing_command_forms_are_rejected[      - run: env --chdir /tmp false &amp;&amp; pytest --junitxml=reports/junit.xml\n      - run: python3 scripts/collect_test_outcome.py\n      - run: python3 tools/gates/run_all.py\n]" time="0.003" /><testcase classname="tests.gates.test_test_reality" name="test_mutation_non_executing_command_forms_are_rejected[      - run: env -u &amp;&amp; pytest --junitxml=reports/junit.xml\n      - run: python3 scripts/collect_test_outcome.py\n      - run: python3 tools/gates/run_all.py\n]" time="0.002" /><testcase classname="tests.gates.test_test_reality" name="test_mutation_non_executing_command_forms_are_rejected[      - run: env --unset &amp;&amp; pytest --junitxml=reports/junit.xml\n      - run: python3 scripts/collect_test_outcome.py\n      - run: python3 tools/gates/run_all.py\n]" time="0.003" /><testcase classname="tests.gates.test_test_reality" name="test_mutation_non_executing_command_forms_are_rejected[      - run: python3 uv run pytest --junitxml=reports/junit.xml\n      - run: python3 scripts/collect_test_outcome.py\n      - run: python3 tools/gates/run_all.py\n]" time="0.002" /><testcase classname="tests.gates.test_test_reality" name="test_mutation_control_operators_cannot_swallow_wiring_exit_codes[pytest --junitxml=reports/junit.xml]" time="0.002" /><testcase classname="tests.gates.test_test_reality" name="test_mutation_control_operators_cannot_swallow_wiring_exit_codes[python3 scripts/collect_test_outcome.py]" time="0.003" /><testcase classname="tests.gates.test_test_reality" name="test_mutation_control_operators_cannot_swallow_wiring_exit_codes[python3 tools/gates/run_all.py]" time="0.002" /><testcase classname="tests.gates.test_test_reality" name="test_mutation_injecting_a_command_between_pytest_and_collection_is_detected" time="0.003" /><testcase classname="tests.gates.test_test_reality" name="test_legitimate_pytest_invocations_are_accepted[PYTHONWARNINGS=error pytest --junitxml=reports/junit.xml]" time="0.003" /><testcase classname="tests.gates.test_test_reality" name="test_legitimate_pytest_invocations_are_accepted[env PYTHONWARNINGS=error pytest --junitxml=reports/junit.xml]" time="0.003" /><testcase classname="tests.gates.test_test_reality" name="test_legitimate_pytest_invocations_are_accepted[uv run --frozen pytest --junitxml=reports/junit.xml]" time="0.003" /><testcase classname="tests.gates.test_test_reality" name="test_legitimate_pytest_invocations_are_accepted[env -u CI pytest --junitxml=reports/junit.xml]" time="0.004" /><testcase classname="tests.gates.test_test_reality" name="test_legitimate_pytest_invocations_are_accepted[env -- pytest --junitxml=reports/junit.xml]" time="0.003" /><testcase classname="tests.gates.test_test_reality" name="test_upload_of_other_artifacts_before_the_outcome_is_accepted" time="0.003" /><testcase classname="tests.gates.test_test_reality" name="test_mutation_out_of_order_within_one_step_is_detected" time="0.003" /><testcase classname="tests.gates.test_test_reality" name="test_mutation_disabling_xfail_strict_is_detected[[tool.pytest.ini_options]\naddopts = '-q'\n]" time="0.007" /><testcase classname="tests.gates.test_test_reality" name="test_mutation_disabling_xfail_strict_is_detected[[tool.pytest.ini_options]\nxfail_strict = false\n]" time="0.007" /><testcase classname="tests.gates.test_test_reality" name="test_mutation_disabling_xfail_strict_is_detected[[tool.pytest.ini_options]\nxfail_strict = 'true'\n]" time="0.006" /><testcase classname="tests.gates.test_test_reality" name="test_mutation_disabling_xfail_strict_is_detected[[tool.other]\nxfail_strict = true\n]" time="0.008" /><testcase classname="tests.gates.test_test_reality" name="test_collector_reconstructs_nodeids_from_junit" time="0.004" /><testcase classname="tests.gates.test_test_reality" name="test_all_four_preconditions_gates_are_emitted[G-UT-RUNTIME-OUTCOME]" time="0.001" /><testcase classname="tests.gates.test_test_reality" name="test_all_four_preconditions_gates_are_emitted[G-UT-DYNAMIC-SKIP]" time="0.001" /><testcase classname="tests.gates.test_test_reality" name="test_all_four_preconditions_gates_are_emitted[G-IMPL-START-BINDING]" time="0.001" /><testcase classname="tests.gates.test_test_reality" name="test_all_four_preconditions_gates_are_emitted[G-UT-PER-TEST-OUTCOME]" time="0.001" /><testcase classname="tests.gates.test_test_reality" name="test_mutation_command_substitution_in_wiring_is_rejected[$(python3 tools/forge.py)]" time="0.003" /><testcase classname="tests.gates.test_test_reality" name="test_mutation_command_substitution_in_wiring_is_rejected[`python3 tools/forge.py`]" time="0.003" /><testcase classname="tests.gates.test_test_reality" name="test_mutation_env_prefixed_set_plus_e_is_rejected" time="0.003" /><testcase classname="tests.gates.test_test_reality" name="test_mutation_continue_on_error_breaks_the_wiring[step]" time="0.002" /><testcase classname="tests.gates.test_test_reality" name="test_mutation_continue_on_error_breaks_the_wiring[job]" time="0.002" /><testcase classname="tests.gates.test_test_reality" name="test_mutation_expression_forged_command_substitution_is_rejected" time="0.001" /><testcase classname="tests.gates.test_test_reality" name="test_mutation_heredoc_body_is_not_wiring" time="0.001" /><testcase classname="tests.gates.test_test_reality" name="test_mutation_shadowing_detects_segments_and_env_prefixes" time="0.000" /><testcase classname="tests.gates.test_test_reality" name="test_mutation_externally_controlled_expressions_are_rejected" time="0.000" /><testcase classname="tests.gates.test_test_reality" name="test_mutation_shadowing_covers_eval_source_and_export_f" time="0.000" /><testcase classname="tests.gates.test_test_reality" name="test_mutation_unanalyzable_before_the_wiring_is_rejected" time="0.003" /><testcase classname="tests.gates.test_traceability" name="test_chain_is_bidirectional_on_real_contracts" time="0.002" /><testcase classname="tests.gates.test_traceability" name="test_requirements_defined_s1_may_defer_cmp_but_s0_may_not" time="0.001" /><testcase classname="tests.gates.test_traceability" name="test_mutation_removing_cmp_from_existing_s1_is_detected" time="0.001" /><testcase classname="tests.gates.test_traceability" name="test_mutation_one_way_br_req_edge_is_detected" time="0.001" /><testcase classname="tests.gates.test_traceability" name="test_mutation_stripping_also_implements_breaks_cmp_du_equality" time="0.001" /><testcase classname="tests.gates.test_traceability" name="test_mutation_api_ut_divergence_is_detected" time="0.001" /><testcase classname="tests.gates.test_traceability" name="test_tc_ac_references_all_resolve" time="0.000" /><testcase classname="tests.gates.test_traceability" name="test_mutation_dangling_ac_reference_is_detected" time="0.000" /><testcase classname="tests.gates.test_traceability" name="test_mutation_orphan_s0_ac_is_detected" time="0.000" /><testcase classname="tests.gates.test_worksets" name="test_schema_faults_accepts_the_canonical_worksets" time="0.001" /><testcase classname="tests.gates.test_worksets" name="test_mutation_schema_rejects_missing_document" time="0.000" /><testcase classname="tests.gates.test_worksets" name="test_mutation_schema_rejects_duplicate_du_and_missing_du07" time="0.001" /><testcase classname="tests.gates.test_worksets" name="test_mutation_schema_rejects_invalid_status_and_duplicate_id" time="0.001" /><testcase classname="tests.gates.test_worksets" name="test_mutation_schema_rejects_low_coverage_and_done_without_receipt" time="0.001" /><testcase classname="tests.gates.test_worksets" name="test_dependency_faults_accepts_the_canonical_worksets" time="0.000" /><testcase classname="tests.gates.test_worksets" name="test_mutation_dependency_rejects_missing_self_and_unknown_dependencies" time="0.001" /><testcase classname="tests.gates.test_worksets" name="test_mutation_po_original_partition_is_cyclic_and_justifies_moving_du04_to_b" time="0.000" /><testcase classname="tests.gates.test_worksets" name="test_mutation_du_scc_cannot_be_split_across_worksets" time="0.000" /><testcase classname="tests.gates.test_worksets" name="test_find_cycle_returns_a_cycle_or_empty_list" time="0.000" /><testcase classname="tests.gates.test_worksets" name="test_scope_faults_accepts_the_canonical_worksets" time="0.002" /><testcase classname="tests.gates.test_worksets" name="test_mutation_scope_rejects_forged_api_missing_ut_itc_and_module" time="0.002" /><testcase classname="tests.gates.test_worksets" name="test_mutation_scope_rejects_implementation_outside_started_workset" time="0.001" /><testcase classname="tests.gates.test_worksets" name="test_test_reality_all_planned_defers_unstarted_stubs" time="0.001" /><testcase classname="tests.gates.test_worksets" name="test_mutation_test_reality_rejects_skipped_ut_for_started_a" time="0.023" /><testcase classname="tests.gates.test_worksets" name="test_mutation_test_reality_requires_done_dependencies" time="0.004" /><testcase classname="tests.gates.test_worksets" name="test_mutation_receipt_faults_reject_invalid_sha_empty_and_outside_nodeids" time="0.005" /><testcase classname="tests.gates.test_worksets" name="test_coverage_faults_and_ci_wiring_accept_current_repository" time="0.007" /><testcase classname="tests.gates.test_worksets" name="test_mutation_coverage_fails_closed_when_ci_file_is_missing" time="0.002" /><testcase classname="tests.gates.test_worksets" name="test_mutation_ci_wiring_rejects_pytest_without_scope_or_floor" time="0.002" /><testcase classname="tests.gates.test_worksets" name="test_ratchet_faults_accept_identical_parent" time="0.000" /><testcase classname="tests.gates.test_worksets" name="test_mutation_ratchet_rejects_removal_shrink_regression_floor_and_receipt_change" time="0.000" /><testcase classname="tests.gates.test_worksets" name="test_mutation_ratchet_requires_skip_reduction_when_done" time="0.000" /><testcase classname="tests.gates.test_worksets" name="test_ratchet_fail_closed_only_for_broken_parent" time="0.000" /><testcase classname="tests.gates.test_worksets" name="test_enforced_scopes_follow_started_worksets_and_fail_closed" time="0.001" /><testcase classname="tests.gates.test_worksets" name="test_mutation_committed_worksets_reads_parent_commit_not_head" time="0.000" /><testcase classname="tests.gates.test_worksets" name="test_mutation_committed_sources_fail_closed_and_skip_budget_is_typed" time="0.001" /><testcase classname="tests.gates.test_worksets" name="test_mutation_itc_faults_require_exact_evidence_and_passing_outcomes" time="0.000" /><testcase classname="tests.gates.test_worksets" name="test_mutation_test_reality_propagates_done_itc_fault" time="0.002" /><testcase classname="tests.gates.test_worksets" name="test_mutation_ratchet_aggregates_skip_reduction_for_simultaneous_done" time="0.000" /><testcase classname="tests.gates.test_worksets" name="test_mutation_all_planned_after_start_forces_all_du_and_declared_workset" time="0.000" /><testcase classname="tests.gates.test_worksets" name="test_mutation_receipt_faults_require_complete_ordered_test_first_history" time="0.003" /><testcase classname="tests.gates.test_worksets" name="test_mutation_ci_wiring_requires_resolver_ids_and_order" time="0.005" /><testcase classname="tests.gates.test_worksets" name="test_mutation_dependency_rejects_reverse_topological_workset_order" time="0.000" /><testcase classname="tests.gates.test_worksets" name="test_mutation_committed_recovers_deleted_parent_blob_for_ratchet" time="0.001" /><testcase classname="tests.gates.test_worksets" name="test_mutation_committed_treats_never_seen_path_as_benign" time="0.000" /><testcase classname="tests.gates.test_worksets" name="test_mutation_benign_sources_excludes_missing_parent_phrase" time="0.000" /><testcase classname="tests.gates.test_worksets" name="test_mutation_new_worksets_still_require_skip_reduction_when_done" time="0.000" /><testcase classname="tests.gates.test_worksets" name="test_mutation_receipt_faults_require_non_null_valid_green_commit" time="0.000" /><testcase classname="tests.gates.test_worksets" name="test_mutation_ci_wiring_checks_every_coverage_job_and_step" time="0.004" /><testcase classname="tests.gates.test_worksets" name="test_mutation_ci_wiring_requires_unconditional_resolver" time="0.003" /><testcase classname="tests.gates.test_worksets" name="test_mutation_ci_wiring_accepts_repository_configuration" time="0.003" /><testcase classname="tests.gates.test_worksets" name="test_mutation_has_implementation_source_is_pure_and_fail_closed" time="0.000" /><testcase classname="tests.gates.test_worksets" name="test_mutation_red_precedes_implementation_never_writes_git_entries" time="0.000" /><testcase classname="tests.gates.test_worksets" name="test_mutation_ci_wiring_rejects_non_pytest_coverage_command" time="0.002" /><testcase classname="tests.gates.test_worksets" name="test_mutation_ci_wiring_checks_non_pytest_coverage_step_alongside_pytest" time="0.002" /><testcase classname="tests.gates.test_worksets" name="test_mutation_ci_wiring_reports_job_when_all_coverage_commands_are_non_pytest" time="0.002" /><testcase classname="tests.gates.test_worksets" name="test_mutation_ci_wiring_accepts_pytest_coverage_command_with_real_resolvers" time="0.002" /><testcase classname="tests.gates.test_worksets" name="test_mutation_ci_wiring_rejects_conditional_coverage_job" time="0.003" /><testcase classname="tests.gates.test_worksets" name="test_mutation_ci_wiring_rejects_conditional_coverage_pytest_step" time="0.003" /><testcase classname="tests.gates.test_worksets" name="test_mutation_ci_wiring_accepts_true_conditions_on_coverage_job_and_step" time="0.002" /><testcase classname="tests.gates.test_worksets" name="test_mutation_conditional_recognizes_only_unconditional_true_forms" time="0.000" /><testcase classname="tests.gates.test_worksets" name="test_mutation_ci_wiring_accepts_repository_after_conditional_checks" time="0.003" /><testcase classname="tests.gates.test_worksets" name="test_mutation_pytest_lookalike_binary_is_not_an_execution_subject" time="0.000" /><testcase classname="tests.gates.test_worksets" name="test_mutation_coverage_step_must_be_a_single_canonical_command" time="0.006" /><testcase classname="tests.gates.test_worksets" name="test_mutation_continue_on_error_is_treated_as_conditional" time="0.004" /><testcase classname="tests.gates.test_worksets" name="test_mutation_custom_shell_cannot_swallow_the_exit_code" time="0.005" /><testcase classname="tests.gates.test_worksets" name="test_mutation_unanalyzable_step_breaks_pytest_collect_adjacency" time="0.003" /><testcase classname="tests.gates.test_worksets" name="test_mutation_wiring_job_rejects_non_canonical_shell_on_any_step" time="0.003" /><testcase classname="tests.gates.test_worksets" name="test_mutation_unparseable_command_occupies_a_position" time="0.000" /><testcase classname="tests.gates.test_worksets" name="test_mutation_indirect_binding_in_a_planned_workset_module_is_stray" time="0.001" /><testcase classname="tests.unit.test_brief_gate" name="test_lower_run_without_brief_rejected_by_ddl" time="0.002" /><testcase classname="tests.unit.test_brief_gate" name="test_stale_or_mismatched_brief_rejected_by_kernel" time="0.000"><skipped type="pytest.skip" message="S0.1 test-first: validate_strategic_brief 実装と同時に赤→緑">/home/tenni/projects/HELIX-MARKETING-HARNESS/tests/unit/test_brief_gate.py:25: S0.1 test-first: validate_strategic_brief 実装と同時に赤→緑</skipped></testcase><testcase classname="tests.unit.test_config_store" name="test_set_inserts_new_row_with_supersedes_chain" time="0.000"><skipped type="pytest.skip" message="test-first DU-12: set">/home/tenni/projects/HELIX-MARKETING-HARNESS/tests/unit/test_config_store.py:6: test-first DU-12: set</skipped></testcase><testcase classname="tests.unit.test_config_store" name="test_set_without_reason_rejected" time="0.000"><skipped type="pytest.skip" message="test-first DU-12: set">/home/tenni/projects/HELIX-MARKETING-HARNESS/tests/unit/test_config_store.py:12: test-first DU-12: set</skipped></testcase><testcase classname="tests.unit.test_config_store" name="test_set_same_key_same_changed_at_rejected" time="0.000"><skipped type="pytest.skip" message="test-first DU-12: set">/home/tenni/projects/HELIX-MARKETING-HARNESS/tests/unit/test_config_store.py:18: test-first DU-12: set</skipped></testcase><testcase classname="tests.unit.test_config_store" name="test_get_returns_latest_row_type_converted" time="0.000"><skipped type="pytest.skip" message="test-first DU-12: get">/home/tenni/projects/HELIX-MARKETING-HARNESS/tests/unit/test_config_store.py:24: test-first DU-12: get</skipped></testcase><testcase classname="tests.unit.test_config_store" name="test_get_missing_key_returns_default_when_given" time="0.000"><skipped type="pytest.skip" message="test-first DU-12: get">/home/tenni/projects/HELIX-MARKETING-HARNESS/tests/unit/test_config_store.py:30: test-first DU-12: get</skipped></testcase><testcase classname="tests.unit.test_config_store" name="test_get_missing_key_without_default_fail_close" time="0.000"><skipped type="pytest.skip" message="test-first DU-12: get">/home/tenni/projects/HELIX-MARKETING-HARNESS/tests/unit/test_config_store.py:36: test-first DU-12: get</skipped></testcase><testcase classname="tests.unit.test_config_store" name="test_direct_update_delete_blocked_by_trigger" time="0.000"><skipped type="pytest.skip" message="test-first DU-12: set">/home/tenni/projects/HELIX-MARKETING-HARNESS/tests/unit/test_config_store.py:42: test-first DU-12: set</skipped></testcase><testcase classname="tests.unit.test_connectors_approval" name="test_request_inserts_pending_and_notifies_binding" time="0.000"><skipped type="pytest.skip" message="test-first DU-18: request">/home/tenni/projects/HELIX-MARKETING-HARNESS/tests/unit/test_connectors_approval.py:6: test-first DU-18: request</skipped></testcase><testcase classname="tests.unit.test_connectors_approval" name="test_duplicate_request_unique_idempotent" time="0.000"><skipped type="pytest.skip" message="test-first DU-18: request">/home/tenni/projects/HELIX-MARKETING-HARNESS/tests/unit/test_connectors_approval.py:12: test-first DU-18: request</skipped></testcase><testcase classname="tests.unit.test_connectors_approval" name="test_poll_approved_records_evidence_atomically" time="0.000"><skipped type="pytest.skip" message="test-first DU-18: poll">/home/tenni/projects/HELIX-MARKETING-HARNESS/tests/unit/test_connectors_approval.py:18: test-first DU-18: poll</skipped></testcase><testcase classname="tests.unit.test_connectors_approval" name="test_binding_mismatch_response_invalid_keeps_waiting" time="0.000"><skipped type="pytest.skip" message="test-first DU-18: poll">/home/tenni/projects/HELIX-MARKETING-HARNESS/tests/unit/test_connectors_approval.py:24: test-first DU-18: poll</skipped></testcase><testcase classname="tests.unit.test_connectors_approval" name="test_rejected_classified_non_retryable_failure" time="0.000"><skipped type="pytest.skip" message="test-first DU-18: poll">/home/tenni/projects/HELIX-MARKETING-HARNESS/tests/unit/test_connectors_approval.py:30: test-first DU-18: poll</skipped></testcase><testcase classname="tests.unit.test_connectors_approval" name="test_rerequest_on_expired_new_row_series" time="0.000"><skipped type="pytest.skip" message="test-first DU-18: rerequest_on_expired">/home/tenni/projects/HELIX-MARKETING-HARNESS/tests/unit/test_connectors_approval.py:36: test-first DU-18: rerequest_on_expired</skipped></testcase><testcase classname="tests.unit.test_connectors_approval" name="test_rerequest_limit_reached_escalates" time="0.000"><skipped type="pytest.skip" message="test-first DU-18: rerequest_on_expired">/home/tenni/projects/HELIX-MARKETING-HARNESS/tests/unit/test_connectors_approval.py:42: test-first DU-18: rerequest_on_expired</skipped></testcase><testcase classname="tests.unit.test_connectors_browser" name="test_launch_failure_retryable" time="0.000"><skipped type="pytest.skip" message="test-first DU-15: launch">/home/tenni/projects/HELIX-MARKETING-HARNESS/tests/unit/test_connectors_browser.py:6: test-first DU-15: launch</skipped></testcase><testcase classname="tests.unit.test_connectors_browser" name="test_storage_state_profile_scoped_cross_denied" time="0.000"><skipped type="pytest.skip" message="test-first DU-15: launch">/home/tenni/projects/HELIX-MARKETING-HARNESS/tests/unit/test_connectors_browser.py:12: test-first DU-15: launch</skipped></testcase><testcase classname="tests.unit.test_connectors_browser" name="test_screenshot_url_reachability_and_mismatch_denied" time="0.000"><skipped type="pytest.skip" message="test-first DU-15: screenshot">/home/tenni/projects/HELIX-MARKETING-HARNESS/tests/unit/test_connectors_browser.py:18: test-first DU-15: screenshot</skipped></testcase><testcase classname="tests.unit.test_connectors_browser" name="test_run_playbook_write_interval_uniform_and_seed_logged" time="0.000"><skipped type="pytest.skip" message="test-first DU-15: run_playbook">/home/tenni/projects/HELIX-MARKETING-HARNESS/tests/unit/test_connectors_browser.py:24: test-first DU-15: run_playbook</skipped></testcase><testcase classname="tests.unit.test_connectors_browser" name="test_x_write_rejected_zero_send" time="0.000"><skipped type="pytest.skip" message="test-first DU-15: run_playbook">/home/tenni/projects/HELIX-MARKETING-HARNESS/tests/unit/test_connectors_browser.py:30: test-first DU-15: run_playbook</skipped></testcase><testcase classname="tests.unit.test_connectors_browser" name="test_daily_cap_rejected_before_send" time="0.000"><skipped type="pytest.skip" message="test-first DU-15: run_playbook">/home/tenni/projects/HELIX-MARKETING-HARNESS/tests/unit/test_connectors_browser.py:36: test-first DU-15: run_playbook</skipped></testcase><testcase classname="tests.unit.test_connectors_browser" name="test_sent_reconcile_confirms_without_resend" time="0.000"><skipped type="pytest.skip" message="test-first DU-15: run_playbook">/home/tenni/projects/HELIX-MARKETING-HARNESS/tests/unit/test_connectors_browser.py:42: test-first DU-15: run_playbook</skipped></testcase><testcase classname="tests.unit.test_connectors_browser" name="test_sent_unverifiable_marked_unknown_no_resend" time="0.000"><skipped type="pytest.skip" message="test-first DU-15: run_playbook">/home/tenni/projects/HELIX-MARKETING-HARNESS/tests/unit/test_connectors_browser.py:48: test-first DU-15: run_playbook</skipped></testcase><testcase classname="tests.unit.test_connectors_playbooks" name="test_get_active_playbook_validated" time="0.000"><skipped type="pytest.skip" message="test-first DU-16: get">/home/tenni/projects/HELIX-MARKETING-HARNESS/tests/unit/test_connectors_playbooks.py:6: test-first DU-16: get</skipped></testcase><testcase classname="tests.unit.test_connectors_playbooks" name="test_get_missing_rejected" time="0.000"><skipped type="pytest.skip" message="test-first DU-16: get">/home/tenni/projects/HELIX-MARKETING-HARNESS/tests/unit/test_connectors_playbooks.py:12: test-first DU-16: get</skipped></testcase><testcase classname="tests.unit.test_connectors_playbooks" name="test_get_broken_and_retired_rejected" time="0.000"><skipped type="pytest.skip" message="test-first DU-16: get">/home/tenni/projects/HELIX-MARKETING-HARNESS/tests/unit/test_connectors_playbooks.py:18: test-first DU-16: get</skipped></testcase><testcase classname="tests.unit.test_connectors_playbooks" name="test_record_failure_increments_and_demotes_at_threshold" time="0.000"><skipped type="pytest.skip" message="test-first DU-16: record_failure">/home/tenni/projects/HELIX-MARKETING-HARNESS/tests/unit/test_connectors_playbooks.py:24: test-first DU-16: record_failure</skipped></testcase><testcase classname="tests.unit.test_connectors_playbooks" name="test_record_success_resets_failures_and_verifier" time="0.000"><skipped type="pytest.skip" message="test-first DU-16: record_success">/home/tenni/projects/HELIX-MARKETING-HARNESS/tests/unit/test_connectors_playbooks.py:30: test-first DU-16: record_success</skipped></testcase><testcase classname="tests.unit.test_connectors_playbooks" name="test_broken_schema_json_fatal" time="0.000"><skipped type="pytest.skip" message="test-first DU-16: get">/home/tenni/projects/HELIX-MARKETING-HARNESS/tests/unit/test_connectors_playbooks.py:36: test-first DU-16: get</skipped></testcase><testcase classname="tests.unit.test_connectors_wp" name="test_draft_and_publish_separate_keys_separate_rows" time="0.000"><skipped type="pytest.skip" message="test-first DU-17: create_draft/publish">/home/tenni/projects/HELIX-MARKETING-HARNESS/tests/unit/test_connectors_wp.py:6: test-first DU-17: create_draft/publish</skipped></testcase><testcase classname="tests.unit.test_connectors_wp" name="test_create_draft_prepared_sent_confirmed_each_commit" time="0.000"><skipped type="pytest.skip" message="test-first DU-17: create_draft">/home/tenni/projects/HELIX-MARKETING-HARNESS/tests/unit/test_connectors_wp.py:12: test-first DU-17: create_draft</skipped></testcase><testcase classname="tests.unit.test_connectors_wp" name="test_pair_required_rejected_zero_http" time="0.000"><skipped type="pytest.skip" message="test-first DU-17: publish">/home/tenni/projects/HELIX-MARKETING-HARNESS/tests/unit/test_connectors_wp.py:18: test-first DU-17: publish</skipped></testcase><testcase classname="tests.unit.test_connectors_wp" name="test_publish_without_approval_pass_rejected" time="0.000"><skipped type="pytest.skip" message="test-first DU-17: publish">/home/tenni/projects/HELIX-MARKETING-HARNESS/tests/unit/test_connectors_wp.py:24: test-first DU-17: publish</skipped></testcase><testcase classname="tests.unit.test_connectors_wp" name="test_production_endpoint_denied_before_connect" time="0.000"><skipped type="pytest.skip" message="test-first DU-17: create_draft/publish">/home/tenni/projects/HELIX-MARKETING-HARNESS/tests/unit/test_connectors_wp.py:30: test-first DU-17: create_draft/publish</skipped></testcase><testcase classname="tests.unit.test_connectors_wp" name="test_sent_reconcile_confirms_without_resend" time="0.000"><skipped type="pytest.skip" message="test-first DU-17: publish">/home/tenni/projects/HELIX-MARKETING-HARNESS/tests/unit/test_connectors_wp.py:36: test-first DU-17: publish</skipped></testcase><testcase classname="tests.unit.test_connectors_wp" name="test_sent_unverifiable_unknown_escalates" time="0.000"><skipped type="pytest.skip" message="test-first DU-17: publish">/home/tenni/projects/HELIX-MARKETING-HARNESS/tests/unit/test_connectors_wp.py:42: test-first DU-17: publish</skipped></testcase><testcase classname="tests.unit.test_connectors_wp" name="test_upload_media_content_hash_idempotent" time="0.000"><skipped type="pytest.skip" message="test-first DU-17: upload_media">/home/tenni/projects/HELIX-MARKETING-HARNESS/tests/unit/test_connectors_wp.py:48: test-first DU-17: upload_media</skipped></testcase><testcase classname="tests.unit.test_connectors_wp" name="test_register_asset_before_published_url_evidence" time="0.000"><skipped type="pytest.skip" message="test-first DU-17: register_asset">/home/tenni/projects/HELIX-MARKETING-HARNESS/tests/unit/test_connectors_wp.py:54: test-first DU-17: register_asset</skipped></testcase><testcase cla
[...]
me="0.000"><skipped type="pytest.skip" message="test-first DU-02: supersede_strategic_brief">/home/tenni/projects/HELIX-MARKETING-HARNESS/tests/unit/test_kernel_orchestrator.py:204: test-first DU-02: supersede_strategic_brief</skipped></testcase><testcase classname="tests.unit.test_kernel_orchestrator" name="test_issue_task_same_principal_pair_rejected" time="0.000"><skipped type="pytest.skip" message="test-first DU-02: issue_task">/home/tenni/projects/HELIX-MARKETING-HARNESS/tests/unit/test_kernel_orchestrator.py:210: test-first DU-02: issue_task</skipped></testcase><testcase classname="tests.unit.test_kernel_state" name="test_transition_allowed_commits_state_and_passed_log" time="0.000"><skipped type="pytest.skip" message="test-first DU-01: transition">/home/tenni/projects/HELIX-MARKETING-HARNESS/tests/unit/test_kernel_state.py:6: test-first DU-01: transition</skipped></testcase><testcase classname="tests.unit.test_kernel_state" name="test_transition_undefined_combination_rejected_db_unchanged" time="0.000"><skipped type="pytest.skip" message="test-first DU-01: transition">/home/tenni/projects/HELIX-MARKETING-HARNESS/tests/unit/test_kernel_state.py:12: test-first DU-01: transition</skipped></testcase><testcase classname="tests.unit.test_kernel_state" name="test_transition_terminal_state_request_rejected" time="0.000"><skipped type="pytest.skip" message="test-first DU-01: transition">/home/tenni/projects/HELIX-MARKETING-HARNESS/tests/unit/test_kernel_state.py:18: test-first DU-01: transition</skipped></testcase><testcase classname="tests.unit.test_kernel_state" name="test_transition_rejected_records_rejected_row_only" time="0.000"><skipped type="pytest.skip" message="test-first DU-01: transition">/home/tenni/projects/HELIX-MARKETING-HARNESS/tests/unit/test_kernel_state.py:24: test-first DU-01: transition</skipped></testcase><testcase classname="tests.unit.test_kernel_state" name="test_transition_crash_mid_tx_leaves_no_partial_state" time="0.000"><skipped type="pytest.skip" message="test-first DU-01: transition">/home/tenni/projects/HELIX-MARKETING-HARNESS/tests/unit/test_kernel_state.py:30: test-first DU-01: transition</skipped></testcase><testcase classname="tests.unit.test_kernel_state" name="test_transition_verify_fail_retry_boundary_switches_to_exhausted" time="0.000"><skipped type="pytest.skip" message="test-first DU-01: transition">/home/tenni/projects/HELIX-MARKETING-HARNESS/tests/unit/test_kernel_state.py:36: test-first DU-01: transition</skipped></testcase><testcase classname="tests.unit.test_kernel_state" name="test_transition_double_fire_rejected_by_stale_from_state" time="0.000"><skipped type="pytest.skip" message="test-first DU-01: transition">/home/tenni/projects/HELIX-MARKETING-HARNESS/tests/unit/test_kernel_state.py:42: test-first DU-01: transition</skipped></testcase><testcase classname="tests.unit.test_kernel_state" name="test_transition_begin_immediate_serializes_concurrent_write" time="0.000"><skipped type="pytest.skip" message="test-first DU-01: transition">/home/tenni/projects/HELIX-MARKETING-HARNESS/tests/unit/test_kernel_state.py:48: test-first DU-01: transition</skipped></testcase><testcase classname="tests.unit.test_kernel_state" name="test_register_guard_wires_event_guard" time="0.000"><skipped type="pytest.skip" message="test-first DU-01: register_guard">/home/tenni/projects/HELIX-MARKETING-HARNESS/tests/unit/test_kernel_state.py:54: test-first DU-01: register_guard</skipped></testcase><testcase classname="tests.unit.test_kernel_state" name="test_register_guard_unregistered_event_allowed_transition_fatal" time="0.000"><skipped type="pytest.skip" message="test-first DU-01: register_guard">/home/tenni/projects/HELIX-MARKETING-HARNESS/tests/unit/test_kernel_state.py:60: test-first DU-01: register_guard</skipped></testcase><testcase classname="tests.unit.test_kernel_state" name="test_lower_start_without_valid_brief_rejected" time="0.000"><skipped type="pytest.skip" message="test-first DU-01: transition">/home/tenni/projects/HELIX-MARKETING-HARNESS/tests/unit/test_kernel_state.py:66: test-first DU-01: transition</skipped></testcase><testcase classname="tests.unit.test_kernel_state" name="test_lower_terminal_transition_includes_tlp_same_tx" time="0.000"><skipped type="pytest.skip" message="test-first DU-01: transition">/home/tenni/projects/HELIX-MARKETING-HARNESS/tests/unit/test_kernel_state.py:72: test-first DU-01: transition</skipped></testcase><testcase classname="tests.unit.test_kernel_state" name="test_transition_busy_timeout_normalized_to_retryable" time="0.000"><skipped type="pytest.skip" message="test-first DU-01: transition">/home/tenni/projects/HELIX-MARKETING-HARNESS/tests/unit/test_kernel_state.py:78: test-first DU-01: transition</skipped></testcase><testcase classname="tests.unit.test_kernel_state" name="test_register_guard_is_startup_only_no_runtime_swap" time="0.000"><skipped type="pytest.skip" message="test-first DU-01: register_guard">/home/tenni/projects/HELIX-MARKETING-HARNESS/tests/unit/test_kernel_state.py:84: test-first DU-01: register_guard</skipped></testcase><testcase classname="tests.unit.test_kernel_state" name="test_register_guard_duplicate_or_unknown_event_fatal" time="0.000"><skipped type="pytest.skip" message="test-first DU-01: register_guard">/home/tenni/projects/HELIX-MARKETING-HARNESS/tests/unit/test_kernel_state.py:90: test-first DU-01: register_guard</skipped></testcase><testcase classname="tests.unit.test_kernel_workflow" name="test_load_active_definition_schema_validated" time="0.000"><skipped type="pytest.skip" message="test-first DU-04: load">/home/tenni/projects/HELIX-MARKETING-HARNESS/tests/unit/test_kernel_workflow.py:6: test-first DU-04: load</skipped></testcase><testcase classname="tests.unit.test_kernel_workflow" name="test_load_broken_definition_raises_fatal" time="0.000"><skipped type="pytest.skip" message="test-first DU-04: load">/home/tenni/projects/HELIX-MARKETING-HARNESS/tests/unit/test_kernel_workflow.py:12: test-first DU-04: load</skipped></testcase><testcase classname="tests.unit.test_kernel_workflow" name="test_load_version_pinned_lookup" time="0.000"><skipped type="pytest.skip" message="test-first DU-04: load">/home/tenni/projects/HELIX-MARKETING-HARNESS/tests/unit/test_kernel_workflow.py:18: test-first DU-04: load</skipped></testcase><testcase classname="tests.unit.test_kernel_workflow" name="test_run_step_output_saved_via_evidence_api" time="0.000"><skipped type="pytest.skip" message="test-first DU-04: run_step">/home/tenni/projects/HELIX-MARKETING-HARNESS/tests/unit/test_kernel_workflow.py:24: test-first DU-04: run_step</skipped></testcase><testcase classname="tests.unit.test_kernel_workflow" name="test_run_step_failure_normalized_to_three_kinds" time="0.000"><skipped type="pytest.skip" message="test-first DU-04: run_step">/home/tenni/projects/HELIX-MARKETING-HARNESS/tests/unit/test_kernel_workflow.py:30: test-first DU-04: run_step</skipped></testcase><testcase classname="tests.unit.test_kernel_workflow" name="test_run_step_never_transitions_task_to_done" time="0.000"><skipped type="pytest.skip" message="test-first DU-04: run_step">/home/tenni/projects/HELIX-MARKETING-HARNESS/tests/unit/test_kernel_workflow.py:36: test-first DU-04: run_step</skipped></testcase><testcase classname="tests.unit.test_kernel_workflow" name="test_external_operation_prepared_sent_confirmed_each_committed" time="0.000"><skipped type="pytest.skip" message="test-first DU-04: run_step">/home/tenni/projects/HELIX-MARKETING-HARNESS/tests/unit/test_kernel_workflow.py:42: test-first DU-04: run_step</skipped></testcase><testcase classname="tests.unit.test_kernel_workflow" name="test_external_operation_sent_crash_resume_no_resend" time="0.000"><skipped type="pytest.skip" message="test-first DU-04: run_step">/home/tenni/projects/HELIX-MARKETING-HARNESS/tests/unit/test_kernel_workflow.py:48: test-first DU-04: run_step</skipped></testcase><testcase classname="tests.unit.test_kernel_workflow" name="test_external_operation_unverifiable_marked_unknown_escalates" time="0.000"><skipped type="pytest.skip" message="test-first DU-04: run_step">/home/tenni/projects/HELIX-MARKETING-HARNESS/tests/unit/test_kernel_workflow.py:54: test-first DU-04: run_step</skipped></testcase><testcase classname="tests.unit.test_kernel_workflow" name="test_draft_and_publish_use_distinct_idempotency_keys" time="0.000"><skipped type="pytest.skip" message="test-first DU-04: run_step">/home/tenni/projects/HELIX-MARKETING-HARNESS/tests/unit/test_kernel_workflow.py:60: test-first DU-04: run_step</skipped></testcase><testcase classname="tests.unit.test_measure_fetch" name="test_api_first_route_selected" time="0.000"><skipped type="pytest.skip" message="test-first DU-22: fetch">/home/tenni/projects/HELIX-MARKETING-HARNESS/tests/unit/test_measure_fetch.py:6: test-first DU-22: fetch</skipped></testcase><testcase classname="tests.unit.test_measure_fetch" name="test_browser_fallback_converges_same_evidence_contract" time="0.000"><skipped type="pytest.skip" message="test-first DU-22: fetch">/home/tenni/projects/HELIX-MARKETING-HARNESS/tests/unit/test_measure_fetch.py:12: test-first DU-22: fetch</skipped></testcase><testcase classname="tests.unit.test_measure_fetch" name="test_write_operation_assembly_rejected" time="0.000"><skipped type="pytest.skip" message="test-first DU-22: fetch">/home/tenni/projects/HELIX-MARKETING-HARNESS/tests/unit/test_measure_fetch.py:18: test-first DU-22: fetch</skipped></testcase><testcase classname="tests.unit.test_measure_fetch" name="test_property_mismatch_rejected_before_call" time="0.000"><skipped type="pytest.skip" message="test-first DU-22: fetch">/home/tenni/projects/HELIX-MARKETING-HARNESS/tests/unit/test_measure_fetch.py:24: test-first DU-22: fetch</skipped></testcase><testcase classname="tests.unit.test_measure_fetch" name="test_hash_fixed_and_operation_log_before_ingest" time="0.000"><skipped type="pytest.skip" message="test-first DU-22: fetch">/home/tenni/projects/HELIX-MARKETING-HARNESS/tests/unit/test_measure_fetch.py:30: test-first DU-22: fetch</skipped></testcase><testcase classname="tests.unit.test_measure_fetch" name="test_dry_run_records_fingerprint_only" time="0.000"><skipped type="pytest.skip" message="test-first DU-22: fetch">/home/tenni/projects/HELIX-MARKETING-HARNESS/tests/unit/test_measure_fetch.py:36: test-first DU-22: fetch</skipped></testcase><testcase classname="tests.unit.test_measure_kpi" name="test_create_node_all_five_layers_grounded" time="0.000"><skipped type="pytest.skip" message="test-first DU-21: create_node">/home/tenni/projects/HELIX-MARKETING-HARNESS/tests/unit/test_measure_kpi.py:6: test-first DU-21: create_node</skipped></testcase><testcase classname="tests.unit.test_measure_kpi" name="test_paid_metric_type_rejected" time="0.000"><skipped type="pytest.skip" message="test-first DU-21: create_node">/home/tenni/projects/HELIX-MARKETING-HARNESS/tests/unit/test_measure_kpi.py:12: test-first DU-21: create_node</skipped></testcase><testcase classname="tests.unit.test_measure_kpi" name="test_duplicate_node_key_invalid" time="0.000"><skipped type="pytest.skip" message="test-first DU-21: create_node">/home/tenni/projects/HELIX-MARKETING-HARNESS/tests/unit/test_measure_kpi.py:18: test-first DU-21: create_node</skipped></testcase><testcase classname="tests.unit.test_measure_kpi" name="test_cross_profile_parent_rejected" time="0.000"><skipped type="pytest.skip" message="test-first DU-21: create_node">/home/tenni/projects/HELIX-MARKETING-HARNESS/tests/unit/test_measure_kpi.py:24: test-first DU-21: create_node</skipped></testcase><testcase classname="tests.unit.test_measure_kpi" name="test_tree_resolves_hierarchy_per_profile" time="0.000"><skipped type="pytest.skip" message="test-first DU-21: tree">/home/tenni/projects/HELIX-MARKETING-HARNESS/tests/unit/test_measure_kpi.py:30: test-first DU-21: tree</skipped></testcase><testcase classname="tests.unit.test_measure_kpi" name="test_archive_keeps_reference_integrity" time="0.000"><skipped type="pytest.skip" message="test-first DU-21: archive_node">/home/tenni/projects/HELIX-MARKETING-HARNESS/tests/unit/test_measure_kpi.py:36: test-first DU-21: archive_node</skipped></testcase><testcase classname="tests.unit.test_measure_parse" name="test_partial_corruption_quarantined_normal_rows_continue" time="0.000"><skipped type="pytest.skip" message="test-first DU-23: parse">/home/tenni/projects/HELIX-MARKETING-HARNESS/tests/unit/test_measure_parse.py:6: test-first DU-23: parse</skipped></testcase><testcase classname="tests.unit.test_measure_parse" name="test_all_rows_corrupt_import_source_invalid" time="0.000"><skipped type="pytest.skip" message="test-first DU-23: parse">/home/tenni/projects/HELIX-MARKETING-HARNESS/tests/unit/test_measure_parse.py:12: test-first DU-23: parse</skipped></testcase><testcase classname="tests.unit.test_measure_parse" name="test_ingest_hash_mismatch_rejected_no_insert" time="0.000"><skipped type="pytest.skip" message="test-first DU-23: ingest">/home/tenni/projects/HELIX-MARKETING-HARNESS/tests/unit/test_measure_parse.py:18: test-first DU-23: ingest</skipped></testcase><testcase classname="tests.unit.test_measure_parse" name="test_ingest_single_transaction_full_rollback" time="0.000"><skipped type="pytest.skip" message="test-first DU-23: ingest">/home/tenni/projects/HELIX-MARKETING-HARNESS/tests/unit/test_measure_parse.py:24: test-first DU-23: ingest</skipped></testcase><testcase classname="tests.unit.test_measure_parse" name="test_ingest_rerun_idempotent_zero_delta" time="0.000"><skipped type="pytest.skip" message="test-first DU-23: ingest">/home/tenni/projects/HELIX-MARKETING-HARNESS/tests/unit/test_measure_parse.py:30: test-first DU-23: ingest</skipped></testcase><testcase classname="tests.unit.test_measure_parse" name="test_fk_missing_rejected_before_insert" time="0.000"><skipped type="pytest.skip" message="test-first DU-23: ingest">/home/tenni/projects/HELIX-MARKETING-HARNESS/tests/unit/test_measure_parse.py:36: test-first DU-23: ingest</skipped></testcase><testcase classname="tests.unit.test_measure_parse" name="test_empty_export_zero_rows_evidence_only" time="0.000"><skipped type="pytest.skip" message="test-first DU-23: parse">/home/tenni/projects/HELIX-MARKETING-HARNESS/tests/unit/test_measure_parse.py:42: test-first DU-23: parse</skipped></testcase><testcase classname="tests.unit.test_measure_parse" name="test_imported_at_supplied_by_clock" time="0.000"><skipped type="pytest.skip" message="test-first DU-23: ingest">/home/tenni/projects/HELIX-MARKETING-HARNESS/tests/unit/test_measure_parse.py:48: test-first DU-23: ingest</skipped></testcase><testcase classname="tests.unit.test_registry_resolver" name="test_resolve_priority_order_mcp_first" time="0.000"><skipped type="pytest.skip" message="test-first DU-13: resolve">/home/tenni/projects/HELIX-MARKETING-HARNESS/tests/unit/test_registry_resolver.py:6: test-first DU-13: resolve</skipped></testcase><testcase classname="tests.unit.test_registry_resolver" name="test_resolve_switch_by_config_insert_only" time="0.000"><skipped type="pytest.skip" message="test-first DU-13: resolve">/home/tenni/projects/HELIX-MARKETING-HARNESS/tests/unit/test_registry_resolver.py:12: test-first DU-13: resolve</skipped></testcase><testcase classname="tests.unit.test_registry_resolver" name="test_unregistered_service_route_not_registered" time="0.000"><skipped type="pytest.skip" message="test-first DU-13: resolve">/home/tenni/projects/HELIX-MARKETING-HARNESS/tests/unit/test_registry_resolver.py:18: test-first DU-13: resolve</skipped></testcase><testcase classname="tests.unit.test_registry_resolver" name="test_paid_route_denied_without_exception" time="0.000"><skipped type="pytest.skip" message="test-first DU-13: resolve">/home/tenni/projects/HELIX-MARKETING-HARNESS/tests/unit/test_registry_resolver.py:24: test-first DU-13: resolve</skipped></testcase><testcase classname="tests.unit.test_registry_resolver" name="test_x_browser_write_route_prohibited" time="0.000"><skipped type="pytest.skip" message="test-first DU-13: resolve">/home/tenni/projects/HELIX-MARKETING-HARNESS/tests/unit/test_registry_resolver.py:30: test-first DU-13: resolve</skipped></testcase><testcase classname="tests.unit.test_registry_resolver" name="test_list_declared_readonly_and_schema_failclose" time="0.000"><skipped type="pytest.skip" message="test-first DU-13: list_declared">/home/tenni/projects/HELIX-MARKETING-HARNESS/tests/unit/test_registry_resolver.py:36: test-first DU-13: list_declared</skipped></testcase><testcase classname="tests.unit.test_registry_secrets" name="test_secret_repr_and_exception_masked" time="0.000"><skipped type="pytest.skip" message="test-first DU-14: mask">/home/tenni/projects/HELIX-MARKETING-HARNESS/tests/unit/test_registry_secrets.py:6: test-first DU-14: mask</skipped></testcase><testcase classname="tests.unit.test_registry_secrets" name="test_get_credential_unavailable_fail_close" time="0.000"><skipped type="pytest.skip" message="test-first DU-14: get_credential">/home/tenni/projects/HELIX-MARKETING-HARNESS/tests/unit/test_registry_secrets.py:12: test-first DU-14: get_credential</skipped></testcase><testcase classname="tests.unit.test_registry_secrets" name="test_endpoint_mismatch_rejected_before_connect" time="0.000"><skipped type="pytest.skip" message="test-first DU-14: check_endpoint">/home/tenni/projects/HELIX-MARKETING-HARNESS/tests/unit/test_registry_secrets.py:18: test-first DU-14: check_endpoint</skipped></testcase><testcase classname="tests.unit.test_registry_secrets" name="test_scan_repo_sqlite_logs_zero_plaintext" time="0.000"><skipped type="pytest.skip" message="test-first DU-14: scan">/home/tenni/projects/HELIX-MARKETING-HARNESS/tests/unit/test_registry_secrets.py:24: test-first DU-14: scan</skipped></testcase><testcase classname="tests.unit.test_registry_secrets" name="test_scan_finding_contains_no_plaintext" time="0.000"><skipped type="pytest.skip" message="test-first DU-14: scan">/home/tenni/projects/HELIX-MARKETING-HARNESS/tests/unit/test_registry_secrets.py:30: test-first DU-14: scan</skipped></testcase><testcase classname="tests.unit.test_registry_secrets" name="test_mask_patterns_from_config" time="0.000"><skipped type="pytest.skip" message="test-first DU-14: mask">/home/tenni/projects/HELIX-MARKETING-HARNESS/tests/unit/test_registry_secrets.py:36: test-first DU-14: mask</skipped></testcase><testcase classname="tests.unit.test_strategy_store" name="test_stc_i_01_brief_content_update_and_delete_rejected" time="0.002" /><testcase classname="tests.unit.test_strategy_store" name="test_stc_i_02_tlp_update_and_delete_rejected" time="0.002" /><testcase classname="tests.unit.test_tlp_generator" name="test_duplicate_packet_per_run_rejected" time="0.002" /><testcase classname="tests.unit.test_tlp_generator" name="test_non_terminal_or_upper_run_rejected" time="0.002" /><testcase classname="tests.unit.test_tlp_generator" name="test_digest_mismatch_rejected" time="0.002" /><testcase classname="tests.unit.test_tlp_generator" name="test_failure_packet_cannot_carry_causal_interpretation" time="0.002" /><testcase classname="tests.unit.test_tlp_generator" name="test_kind_must_match_terminal_state" time="0.002" /><testcase classname="tests.unit.test_tlp_generator" name="test_failure_packet_cannot_carry_any_interpretation_field" time="0.002" /><testcase classname="tests.unit.test_tlp_generator" name="test_learning_packet_requires_observation_and_interpretation" time="0.002" /><testcase classname="tests.unit.test_tlp_generator" name="test_loop_run_brief_binding_is_immutable" time="0.002" /><testcase classname="tests.unit.test_tlp_generator" name="test_kernel_generates_packet_at_terminal" time="0.001"><skipped type="pytest.skip" message="test-first DU-02: generate_tactical_learning_packet">/home/tenni/projects/HELIX-MARKETING-HARNESS/tests/unit/test_tlp_generator.py:91: test-first DU-02: generate_tactical_learning_packet</skipped></testcase></testsuite></testsuites>